checking .77DD with:
.77DD
0: 3000
077DD
1: 3000
177DD
2: 3000
277DD
3: 3000
377DD
4: 3000
477DD
5: 3000
577DD
6: 3000
677DD
7: 5000
777DD
8: 3000
877DD
9: 3000
977DD
B: 3000
B77DD
D: 5000
D77DD
E: 3000
E77DD
F: 3000
checking 3.E.4 with:
3.E.4
0: 2000
30E04
1: 2000
31E14
2: 2000
32E24
3: 4000
33E34
4: 4000
34E44
5: 2000
35E54
6: 2000
36E64
7: 2000
37E74
8: 2000
38E84
9: 2000
39E94
B: 2000
3BEB4
D: 2000
3DED4
E: 4000
3EEE4
F: 2000
checking 59E7. with:
59E7.
0: 1000
59E70
1: 1000
59E71
2: 1000
59E72
3: 1000
59E73
4: 1000
59E74
5: 2000
59E75
6: 1000
59E76
7: 2000
59E77
8: 1000
59E78
9: 2000
59E79
B: 1000
59E7B
D: 1000
59E7D
E: 2000
59E7E
F: 1000
checking D76.. with:
D76..
0: 2000
D7600
1: 2000
D7611
2: 2000
D7622
3: 2000
D7633
4: 2000
D7644
5: 2000
D7655
6: 4000
D7666
7: 4000
D7677
8: 2000
D7688
9: 2000
D7699
B: 2000
D76BB
D: 4000
D76DD
E: 2000
D76EE
F: 2000
checking 83.38 with:
83.38
0: 3000
83038
1: 3000
83138
2: 3000
83238
3: 5000
83338
4: 3000
83438
5: 3000
83538
6: 3000
83638
7: 3000
83738
8: 5000
83838
9: 3000
83938
B: 3000
83B38
D: 3000
83D38
E: 3000
83E38
F: 3000
checking 789.8 with:
789.8
0: 2000
78908
1: 2000
78918
2: 2000
78928
3: 2000
78938
4: 2000
78948
5: 2000
78958
6: 2000
78968
7: 3000
78978
8: 4000
78988
9: 3000
78998
B: 2000
789B8
D: 2000
789D8
E: 2000
789E8
F: 2000
checking 222.9 with:
222.9
0: 4000
22209
1: 4000
22219
2: 6000
22229
3: 4000
22239
4: 4000
22249
5: 4000
22259
6: 4000
22269
7: 4000
22279
8: 4000
22289
9: 5000
22299
B: 4000
222B9
D: 4000
222D9
E: 4000
222E9
F: 4000
checking 5.924 with:
5.924
0: 1000
50924
1: 1000
51924
2: 2000
52924
3: 1000
53924
4: 2000
54924
5: 2000
55924
6: 1000
56924
7: 1000
57924
8: 1000
58924
9: 2000
59924
B: 1000
5B924
D: 1000
5D924
E: 1000
5E924
F: 1000
checking 6.B6F with:
6.B6F
0: 2000
60B6F
1: 2000
61B6F
2: 2000
62B6F
3: 2000
63B6F
4: 2000
64B6F
5: 2000
65B6F
6: 4000
66B6F
7: 2000
67B6F
8: 2000
68B6F
9: 2000
69B6F
B: 3000
6BB6F
D: 2000
6DB6F
E: 2000
6EB6F
F: 3000
checking .BF9B with:
.BF9B
0: 2000
0BF9B
1: 2000
1BF9B
2: 2000
2BF9B
3: 2000
3BF9B
4: 2000
4BF9B
5: 2000
5BF9B
6: 2000
6BF9B
7: 2000
7BF9B
8: 2000
8BF9B
9: 3000
9BF9B
B: 4000
BBF9B
D: 2000
DBF9B
E: 2000
EBF9B
F: 3000
checking .E494 with:
.E494
0: 2000
0E494
1: 2000
1E494
2: 2000
2E494
3: 2000
3E494
4: 4000
4E494
5: 2000
5E494
6: 2000
6E494
7: 2000
7E494
8: 2000
8E494
9: 3000
9E494
B: 2000
BE494
D: 2000
DE494
E: 3000
EE494
F: 2000
checking B4.8B with:
B4.8B
0: 2000
B408B
1: 2000
B418B
2: 2000
B428B
3: 2000
B438B
4: 3000
B448B
5: 2000
B458B
6: 2000
B468B
7: 2000
B478B
8: 3000
B488B
9: 2000
B498B
B: 4000
B4B8B
D: 2000
B4D8B
E: 2000
B4E8B
F: 2000
checking .3.99 with:
.3.99
0: 3000
03099
1: 3000
13199
2: 3000
23299
3: 5000
33399
4: 3000
43499
5: 3000
53599
6: 3000
63699
7: 3000
73799
8: 3000
83899
9: 6000
93999
B: 3000
B3B99
D: 3000
D3D99
E: 3000
E3E99
F: 3000
checking E4.E3 with:
E4.E3
0: 2000
E40E3
1: 2000
E41E3
2: 2000
E42E3
3: 3000
E43E3
4: 3000
E44E3
5: 2000
E45E3
6: 2000
E46E3
7: 2000
E47E3
8: 2000
E48E3
9: 2000
E49E3
B: 2000
E4BE3
D: 2000
E4DE3
E: 4000
E4EE3
F: 2000
checking EB6.B with:
EB6.B
0: 2000
EB60B
1: 2000
EB61B
2: 2000
EB62B
3: 2000
EB63B
4: 2000
EB64B
5: 2000
EB65B
6: 3000
EB66B
7: 2000
EB67B
8: 2000
EB68B
9: 2000
EB69B
B: 4000
EB6BB
D: 2000
EB6DB
E: 3000
EB6EB
F: 2000
checking 66.3. with:
66.3.
0: 3000
66030
1: 3000
66131
2: 3000
66232
3: 5000
66333
4: 3000
66434
5: 3000
66535
6: 6000
66636
7: 3000
66737
8: 3000
66838
9: 3000
66939
B: 3000
66B3B
D: 3000
66D3D
E: 3000
66E3E
F: 3000
checking 567.B with:
567.B
0: 1000
5670B
1: 1000
5671B
2: 1000
5672B
3: 1000
5673B
4: 1000
5674B
5: 2000
5675B
6: 2000
5676B
7: 2000
5677B
8: 1000
5678B
9: 1000
5679B
B: 2000
567BB
D: 1000
567DB
E: 1000
567EB
F: 1000
checking F9B.F with:
F9B.F
0: 2000
F9B0F
1: 2000
F9B1F
2: 2000
F9B2F
3: 2000
F9B3F
4: 2000
F9B4F
5: 2000
F9B5F
6: 2000
F9B6F
7: 2000
F9B7F
8: 2000
F9B8F
9: 3000
F9B9F
B: 3000
F9BBF
D: 2000
F9BDF
E: 2000
F9BEF
F: 4000
checking E6.22 with:
E6.22
0: 2000
E6022
1: 2000
E6122
2: 4000
E6222
3: 2000
E6322
4: 2000
E6422
5: 2000
E6522
6: 3000
E6622
7: 2000
E6722
8: 2000
E6822
9: 2000
E6922
B: 2000
E6B22
D: 2000
E6D22
E: 3000
E6E22
F: 2000
checking .E6.E with:
.E6.E
0: 3000
0E60E
1: 3000
1E61E
2: 3000
2E62E
3: 3000
3E63E
4: 3000
4E64E
5: 3000
5E65E
6: 5000
6E66E
7: 3000
7E67E
8: 3000
8E68E
9: 3000
9E69E
B: 3000
BE6BE
D: 3000
DE6DE
E: 6000
EE6EE
F: 3000
checking D55.8 with:
D55.8
0: 2000
D5508
1: 2000
D5518
2: 2000
D5528
3: 2000
D5538
4: 2000
D5548
5: 4000
D5558
6: 2000
D5568
7: 2000
D5578
8: 3000
D5588
9: 2000
D5598
B: 2000
D55B8
D: 3000
D55D8
E: 2000
D55E8
F: 2000
checking 5DD5. with:
5DD5.
0: 3000
5DD50
1: 3000
5DD51
2: 3000
5DD52
3: 3000
5DD53
4: 3000
5DD54
5: 5000
5DD55
6: 3000
5DD56
7: 3000
5DD57
8: 3000
5DD58
9: 3000
5DD59
B: 3000
5DD5B
D: 5000
5DD5D
E: 3000
5DD5E
F: 3000
checking .F8F8 with:
.F8F8
0: 3000
0F8F8
1: 3000
1F8F8
2: 3000
2F8F8
3: 3000
3F8F8
4: 3000
4F8F8
5: 3000
5F8F8
6: 3000
6F8F8
7: 3000
7F8F8
8: 5000
8F8F8
9: 3000
9F8F8
B: 3000
BF8F8
D: 3000
DF8F8
E: 3000
EF8F8
F: 5000
checking 4.482 with:
4.482
0: 2000
40482
1: 2000
41482
2: 3000
42482
3: 2000
43482
4: 4000
44482
5: 2000
45482
6: 2000
46482
7: 2000
47482
8: 3000
48482
9: 2000
49482
B: 2000
4B482
D: 2000
4D482
E: 2000
4E482
F: 2000
checking 64.44 with:
64.44
0: 4000
64044
1: 4000
64144
2: 4000
64244
3: 4000
64344
4: 6000
64444
5: 4000
64544
6: 5000
64644
7: 4000
64744
8: 4000
64844
9: 4000
64944
B: 4000
64B44
D: 4000
64D44
E: 4000
64E44
F: 4000
checking .FF93 with:
.FF93
0: 2000
0FF93
1: 2000
1FF93
2: 2000
2FF93
3: 3000
3FF93
4: 2000
4FF93
5: 2000
5FF93
6: 2000
6FF93
7: 2000
7FF93
8: 2000
8FF93
9: 3000
9FF93
B: 2000
BFF93
D: 2000
DFF93
E: 2000
EFF93
F: 4000
checking 757.7 with:
757.7
0: 4000
75707
1: 4000
75717
2: 4000
75727
3: 4000
75737
4: 4000
75747
5: 5000
75757
6: 4000
75767
7: 6000
75777
8: 4000
75787
9: 4000
75797
B: 4000
757B7
D: 4000
757D7
E: 4000
757E7
F: 4000
checking .D98D with:
.D98D
0: 2000
0D98D
1: 2000
1D98D
2: 2000
2D98D
3: 2000
3D98D
4: 2000
4D98D
5: 2000
5D98D
6: 2000
6D98D
7: 2000
7D98D
8: 3000
8D98D
9: 3000
9D98D
B: 2000
BD98D
D: 4000
DD98D
E: 2000
ED98D
F: 2000
checking .DEED with:
.DEED
0: 3000
0DEED
1: 3000
1DEED
2: 3000
2DEED
3: 3000
3DEED
4: 3000
4DEED
5: 3000
5DEED
6: 3000
6DEED
7: 3000
7DEED
8: 3000
8DEED
9: 3000
9DEED
B: 3000
BDEED
D: 5000
DDEED
E: 5000
EDEED
F: 3000
checking 64.74 with:
64.74
0: 2000
64074
1: 2000
64174
2: 2000
64274
3: 2000
64374
4: 4000
64474
5: 2000
64574
6: 3000
64674
7: 3000
64774
8: 2000
64874
9: 2000
64974
B: 2000
64B74
D: 2000
64D74
E: 2000
64E74
F: 2000
checking 9999. with:
9999.
0: 6000
99990
1: 6000
99991
2: 6000
99992
3: 6000
99993
4: 6000
99994
5: 6000
99995
6: 6000
99996
7: 6000
99997
8: 6000
99998
9: 7000
99999
B: 6000
9999B
D: 6000
9999D
E: 6000
9999E
F: 6000
checking B9B.E with:
B9B.E
0: 2000
B9B0E
1: 2000
B9B1E
2: 2000
B9B2E
3: 2000
B9B3E
4: 2000
B9B4E
5: 2000
B9B5E
6: 2000
B9B6E
7: 2000
B9B7E
8: 2000
B9B8E
9: 3000
B9B9E
B: 4000
B9BBE
D: 2000
B9BDE
E: 3000
B9BEE
F: 2000
checking D9.9D with:
D9.9D
0: 3000
D909D
1: 3000
D919D
2: 3000
D929D
3: 3000
D939D
4: 3000
D949D
5: 3000
D959D
6: 3000
D969D
7: 3000
D979D
8: 3000
D989D
9: 5000
D999D
B: 3000
D9B9D
D: 5000
D9D9D
E: 3000
D9E9D
F: 3000
checking 399.9 with:
399.9
0: 4000
39909
1: 4000
39919
2: 4000
39929
3: 5000
39939
4: 4000
39949
5: 4000
39959
6: 4000
39969
7: 4000
39979
8: 4000
39989
9: 6000
39999
B: 4000
399B9
D: 4000
399D9
E: 4000
399E9
F: 4000
checking 3F62. with:
3F62.
0: 1000
3F620
1: 1000
3F621
2: 2000
3F622
3: 2000
3F623
4: 1000
3F624
5: 1000
3F625
6: 2000
3F626
7: 1000
3F627
8: 1000
3F628
9: 1000
3F629
B: 1000
3F62B
D: 1000
3F62D
E: 1000
3F62E
F: 2000
checking FDF.5 with:
FDF.5
0: 2000
FDF05
1: 2000
FDF15
2: 2000
FDF25
3: 2000
FDF35
4: 2000
FDF45
5: 3000
FDF55
6: 2000
FDF65
7: 2000
FDF75
8: 2000
FDF85
9: 2000
FDF95
B: 2000
FDFB5
D: 3000
FDFD5
E: 2000
FDFE5
F: 4000
checking 2822. with:
2822.
0: 4000
28220
1: 4000
28221
2: 6000
28222
3: 4000
28223
4: 4000
28224
5: 4000
28225
6: 4000
28226
7: 4000
28227
8: 5000
28228
9: 4000
28229
B: 4000
2822B
D: 4000
2822D
E: 4000
2822E
F: 4000
checking ..73E with:
..73E
0: 2000
0073E
1: 2000
1173E
2: 2000
2273E
3: 4000
3373E
4: 2000
4473E
5: 2000
5573E
6: 2000
6673E
7: 4000
7773E
8: 2000
8873E
9: 2000
9973E
B: 2000
BB73E
D: 2000
DD73E
E: 4000
EE73E
F: 2000
checking D794. with:
D794.
0: 1000
D7940
1: 1000
D7941
2: 1000
D7942
3: 1000
D7943
4: 2000
D7944
5: 1000
D7945
6: 1000
D7946
7: 2000
D7947
8: 1000
D7948
9: 2000
D7949
B: 1000
D794B
D: 2000
D794D
E: 1000
D794E
F: 1000
checking 7.77. with:
7.77.
0: 5000
70770
1: 5000
71771
2: 5000
72772
3: 5000
73773
4: 5000
74774
5: 5000
75775
6: 5000
76776
7: 7000
77777
8: 5000
78778
9: 5000
79779
B: 5000
7B77B
D: 5000
7D77D
E: 5000
7E77E
F: 5000
checking .4459 with:
.4459
0: 2000
04459
1: 2000
14459
2: 2000
24459
3: 2000
34459
4: 4000
44459
5: 3000
54459
6: 2000
64459
7: 2000
74459
8: 2000
84459
9: 3000
94459
B: 2000
B4459
D: 2000
D4459
E: 2000
E4459
F: 2000
checking .DE9E with:
.DE9E
0: 2000
0DE9E
1: 2000
1DE9E
2: 2000
2DE9E
3: 2000
3DE9E
4: 2000
4DE9E
5: 2000
5DE9E
6: 2000
6DE9E
7: 2000
7DE9E
8: 2000
8DE9E
9: 3000
9DE9E
B: 2000
BDE9E
D: 3000
DDE9E
E: 4000
EDE9E
F: 2000
checking 69..D with:
69..D
0: 2000
6900D
1: 2000
6911D
2: 2000
6922D
3: 2000
6933D
4: 2000
6944D
5: 2000
6955D
6: 4000
6966D
7: 2000
6977D
8: 2000
6988D
9: 4000
6999D
B: 2000
69BBD
D: 4000
69DDD
E: 2000
69EED
F: 2000
checking 57.55 with:
57.55
0: 4000
57055
1: 4000
57155
2: 4000
57255
3: 4000
57355
4: 4000
57455
5: 6000
57555
6: 4000
57655
7: 5000
57755
8: 4000
57855
9: 4000
57955
B: 4000
57B55
D: 4000
57D55
E: 4000
57E55
F: 4000
checking DD3D. with:
DD3D.
0: 4000
DD3D0
1: 4000
DD3D1
2: 4000
DD3D2
3: 5000
DD3D3
4: 4000
DD3D4
5: 4000
DD3D5
6: 4000
DD3D6
7: 4000
DD3D7
8: 4000
DD3D8
9: 4000
DD3D9
B: 4000
DD3DB
D: 6000
DD3DD
E: 4000
DD3DE
F: 4000
checking 3B5.6 with:
3B5.6
0: 1000
3B506
1: 1000
3B516
2: 1000
3B526
3: 2000
3B536
4: 1000
3B546
5: 2000
3B556
6: 2000
3B566
7: 1000
3B576
8: 1000
3B586
9: 1000
3B596
B: 2000
3B5B6
D: 1000
3B5D6
E: 1000
3B5E6
F: 1000
checking 7227. with:
7227.
0: 3000
72270
1: 3000
72271
2: 5000
72272
3: 3000
72273
4: 3000
72274
5: 3000
72275
6: 3000
72276
7: 5000
72277
8: 3000
72278
9: 3000
72279
B: 3000
7227B
D: 3000
7227D
E: 3000
7227E
F: 3000
checking DD... with:
DD...
0: 5000
DD000
1: 5000
DD111
2: 5000
DD222
3: 5000
DD333
4: 5000
DD444
5: 5000
DD555
6: 5000
DD666
7: 5000
DD777
8: 5000
DD888
9: 5000
DD999
B: 5000
DDBBB
D: 7000
DDDDD
E: 5000
DDEEE
F: 5000
checking .4BED with:
.4BED
0: 1000
04BED
1: 1000
14BED
2: 1000
24BED
3: 1000
34BED
4: 2000
44BED
5: 1000
54BED
6: 1000
64BED
7: 1000
74BED
8: 1000
84BED
9: 1000
94BED
B: 2000
B4BED
D: 2000
D4BED
E: 2000
E4BED
F: 1000
checking B.F.2 with:
B.F.2
0: 2000
B0F02
1: 2000
B1F12
2: 4000
B2F22
3: 2000
B3F32
4: 2000
B4F42
5: 2000
B5F52
6: 2000
B6F62
7: 2000
B7F72
8: 2000
B8F82
9: 2000
B9F92
B: 4000
BBFB2
D: 2000
BDFD2
E: 2000
BEFE2
F: 4000
checking B99.9 with:
B99.9
0: 4000
B9909
1: 4000
B9919
2: 4000
B9929
3: 4000
B9939
4: 4000
B9949
5: 4000
B9959
6: 4000
B9969
7: 4000
B9979
8: 4000
B9989
9: 6000
B9999
B: 5000
B99B9
D: 4000
B99D9
E: 4000
B99E9
F: 4000
checking .FBD6 with:
.FBD6
0: 1000
0FBD6
1: 1000
1FBD6
2: 1000
2FBD6
3: 1000
3FBD6
4: 1000
4FBD6
5: 1000
5FBD6
6: 2000
6FBD6
7: 1000
7FBD6
8: 1000
8FBD6
9: 1000
9FBD6
B: 2000
BFBD6
D: 2000
DFBD6
E: 1000
EFBD6
F: 2000
checking 93.78 with:
93.78
0: 1000
93078
1: 1000
93178
2: 1000
93278
3: 2000
93378
4: 1000
93478
5: 1000
93578
6: 1000
93678
7: 2000
93778
8: 2000
93878
9: 2000
93978
B: 1000
93B78
D: 1000
93D78
E: 1000
93E78
F: 1000
checking .43.. with:
.43..
0: 4000
04300
1: 4000
14311
2: 4000
24322
3: 6000
34333
4: 6000
44344
5: 4000
54355
6: 4000
64366
7: 4000
74377
8: 4000
84388
9: 4000
94399
B: 4000
B43BB
D: 4000
D43DD
E: 4000
E43EE
F: 4000
checking 2.222 with:
2.222
0: 6000
20222
1: 6000
21222
2: 7000
22222
3: 6000
23222
4: 6000
24222
5: 6000
25222
6: 6000
26222
7: 6000
27222
8: 6000
28222
9: 6000
29222
B: 6000
2B222
D: 6000
2D222
E: 6000
2E222
F: 6000
checking 3.748 with:
3.748
0: 1000
30748
1: 1000
31748
2: 1000
32748
3: 2000
33748
4: 2000
34748
5: 1000
35748
6: 1000
36748
7: 2000
37748
8: 2000
38748
9: 1000
39748
B: 1000
3B748
D: 1000
3D748
E: 1000
3E748
F: 1000
checking 4444. with:
4444.
0: 6000
44440
1: 6000
44441
2: 6000
44442
3: 6000
44443
4: 7000
44444
5: 6000
44445
6: 6000
44446
7: 6000
44447
8: 6000
44448
9: 6000
44449
B: 6000
4444B
D: 6000
4444D
E: 6000
4444E
F: 6000
checking .8D99 with:
.8D99
0: 2000
08D99
1: 2000
18D99
2: 2000
28D99
3: 2000
38D99
4: 2000
48D99
5: 2000
58D99
6: 2000
68D99
7: 2000
78D99
8: 3000
88D99
9: 4000
98D99
B: 2000
B8D99
D: 3000
D8D99
E: 2000
E8D99
F: 2000
checking .F4.4 with:
.F4.4
0: 3000
0F404
1: 3000
1F414
2: 3000
2F424
3: 3000
3F434
4: 6000
4F444
5: 3000
5F454
6: 3000
6F464
7: 3000
7F474
8: 3000
8F484
9: 3000
9F494
B: 3000
BF4B4
D: 3000
DF4D4
E: 3000
EF4E4
F: 5000
checking 9.E25 with:
9.E25
0: 1000
90E25
1: 1000
91E25
2: 2000
92E25
3: 1000
93E25
4: 1000
94E25
5: 2000
95E25
6: 1000
96E25
7: 1000
97E25
8: 1000
98E25
9: 2000
99E25
B: 1000
9BE25
D: 1000
9DE25
E: 2000
9EE25
F: 1000
checking BEE9. with:
BEE9.
0: 2000
BEE90
1: 2000
BEE91
2: 2000
BEE92
3: 2000
BEE93
4: 2000
BEE94
5: 2000
BEE95
6: 2000
BEE96
7: 2000
BEE97
8: 2000
BEE98
9: 3000
BEE99
B: 3000
BEE9B
D: 2000
BEE9D
E: 4000
BEE9E
F: 2000
checking E.55E with:
E.55E
0: 3000
E055E
1: 3000
E155E
2: 3000
E255E
3: 3000
E355E
4: 3000
E455E
5: 5000
E555E
6: 3000
E655E
7: 3000
E755E
8: 3000
E855E
9: 3000
E955E
B: 3000
EB55E
D: 3000
ED55E
E: 5000
EE55E
F: 3000
checking .DDDD with:
.DDDD
0: 6000
0DDDD
1: 6000
1DDDD
2: 6000
2DDDD
3: 6000
3DDDD
4: 6000
4DDDD
5: 6000
5DDDD
6: 6000
6DDDD
7: 6000
7DDDD
8: 6000
8DDDD
9: 6000
9DDDD
B: 6000
BDDDD
D: 7000
DDDDD
E: 6000
EDDDD
F: 6000
checking D.44D with:
D.44D
0: 3000
D044D
1: 3000
D144D
2: 3000
D244D
3: 3000
D344D
4: 5000
D444D
5: 3000
D544D
6: 3000
D644D
7: 3000
D744D
8: 3000
D844D
9: 3000
D944D
B: 3000
DB44D
D: 5000
DD44D
E: 3000
DE44D
F: 3000
checking 6.6.6 with:
6.6.6
0: 5000
60606
1: 5000
61616
2: 5000
62626
3: 5000
63636
4: 5000
64646
5: 5000
65656
6: 7000
66666
7: 5000
67676
8: 5000
68686
9: 5000
69696
B: 5000
6B6B6
D: 5000
6D6D6
E: 5000
6E6E6
F: 5000
checking E.EE5 with:
E.EE5
0: 4000
E0EE5
1: 4000
E1EE5
2: 4000
E2EE5
3: 4000
E3EE5
4: 4000
E4EE5
5: 5000
E5EE5
6: 4000
E6EE5
7: 4000
E7EE5
8: 4000
E8EE5
9: 4000
E9EE5
B: 4000
EBEE5
D: 4000
EDEE5
E: 6000
EEEE5
F: 4000
checking 545.5 with:
545.5
0: 4000
54505
1: 4000
54515
2: 4000
54525
3: 4000
54535
4: 5000
54545
5: 6000
54555
6: 4000
54565
7: 4000
54575
8: 4000
54585
9: 4000
54595
B: 4000
545B5
D: 4000
545D5
E: 4000
545E5
F: 4000
checking 8898. with:
8898.
0: 4000
88980
1: 4000
88981
2: 4000
88982
3: 4000
88983
4: 4000
88984
5: 4000
88985
6: 4000
88986
7: 4000
88987
8: 6000
88988
9: 5000
88989
B: 4000
8898B
D: 4000
8898D
E: 4000
8898E
F: 4000
checking D.9DD with:
D.9DD
0: 4000
D09DD
1: 4000
D19DD
2: 4000
D29DD
3: 4000
D39DD
4: 4000
D49DD
5: 4000
D59DD
6: 4000
D69DD
7: 4000
D79DD
8: 4000
D89DD
9: 5000
D99DD
B: 4000
DB9DD
D: 6000
DD9DD
E: 4000
DE9DD
F: 4000
checking .5892 with:
.5892
0: 1000
05892
1: 1000
15892
2: 2000
25892
3: 1000
35892
4: 1000
45892
5: 2000
55892
6: 1000
65892
7: 1000
75892
8: 2000
85892
9: 2000
95892
B: 1000
B5892
D: 1000
D5892
E: 1000
E5892
F: 1000
checking .2555 with:
.2555
0: 4000
02555
1: 4000
12555
2: 5000
22555
3: 4000
32555
4: 4000
42555
5: 6000
52555
6: 4000
62555
7: 4000
72555
8: 4000
82555
9: 4000
92555
B: 4000
B2555
D: 4000
D2555
E: 4000
E2555
F: 4000
checking 4...B with:
4...B
0: 4000
4000B
1: 4000
4111B
2: 4000
4222B
3: 4000
4333B
4: 6000
4444B
5: 4000
4555B
6: 4000
4666B
7: 4000
4777B
8: 4000
4888B
9: 4000
4999B
B: 6000
4BBBB
D: 4000
4DDDB
E: 4000
4EEEB
F: 4000
checking DFFD. with:
DFFD.
0: 3000
DFFD0
1: 3000
DFFD1
2: 3000
DFFD2
3: 3000
DFFD3
4: 3000
DFFD4
5: 3000
DFFD5
6: 3000
DFFD6
7: 3000
DFFD7
8: 3000
DFFD8
9: 3000
DFFD9
B: 3000
DFFDB
D: 5000
DFFDD
E: 3000
DFFDE
F: 5000
checking E3E.. with:
E3E..
0: 3000
E3E00
1: 3000
E3E11
2: 3000
E3E22
3: 5000
E3E33
4: 3000
E3E44
5: 3000
E3E55
6: 3000
E3E66
7: 3000
E3E77
8: 3000
E3E88
9: 3000
E3E99
B: 3000
E3EBB
D: 3000
E3EDD
E: 6000
E3EEE
F: 3000
checking EEE.E with:
EEE.E
0: 6000
EEE0E
1: 6000
EEE1E
2: 6000
EEE2E
3: 6000
EEE3E
4: 6000
EEE4E
5: 6000
EEE5E
6: 6000
EEE6E
7: 6000
EEE7E
8: 6000
EEE8E
9: 6000
EEE9E
B: 6000
EEEBE
D: 6000
EEEDE
E: 7000
EEEEE
F: 6000
checking D2FD. with:
D2FD.
0: 2000
D2FD0
1: 2000
D2FD1
2: 3000
D2FD2
3: 2000
D2FD3
4: 2000
D2FD4
5: 2000
D2FD5
6: 2000
D2FD6
7: 2000
D2FD7
8: 2000
D2FD8
9: 2000
D2FD9
B: 2000
D2FDB
D: 4000
D2FDD
E: 2000
D2FDE
F: 3000
checking .8D44 with:
.8D44
0: 2000
08D44
1: 2000
18D44
2: 2000
28D44
3: 2000
38D44
4: 4000
48D44
5: 2000
58D44
6: 2000
68D44
7: 2000
78D44
8: 3000
88D44
9: 2000
98D44
B: 2000
B8D44
D: 3000
D8D44
E: 2000
E8D44
F: 2000
checking ..444 with:
..444
0: 5000
00444
1: 5000
11444
2: 5000
22444
3: 5000
33444
4: 7000
44444
5: 5000
55444
6: 5000
66444
7: 5000
77444
8: 5000
88444
9: 5000
99444
B: 5000
BB444
D: 5000
DD444
E: 5000
EE444
F: 5000
checking F428. with:
F428.
0: 1000
F4280
1: 1000
F4281
2: 2000
F4282
3: 1000
F4283
4: 2000
F4284
5: 1000
F4285
6: 1000
F4286
7: 1000
F4287
8: 2000
F4288
9: 1000
F4289
B: 1000
F428B
D: 1000
F428D
E: 1000
F428E
F: 2000
checking BD5.2 with:
BD5.2
0: 1000
BD502
1: 1000
BD512
2: 2000
BD522
3: 1000
BD532
4: 1000
BD542
5: 2000
BD552
6: 1000
BD562
7: 1000
BD572
8: 1000
BD582
9: 1000
BD592
B: 2000
BD5B2
D: 2000
BD5D2
E: 1000
BD5E2
F: 1000
checking .B222 with:
.B222
0: 4000
0B222
1: 4000
1B222
2: 6000
2B222
3: 4000
3B222
4: 4000
4B222
5: 4000
5B222
6: 4000
6B222
7: 4000
7B222
8: 4000
8B222
9: 4000
9B222
B: 5000
BB222
D: 4000
DB222
E: 4000
EB222
F: 4000
checking .9.DF with:
.9.DF
0: 2000
090DF
1: 2000
191DF
2: 2000
292DF
3: 2000
393DF
4: 2000
494DF
5: 2000
595DF
6: 2000
696DF
7: 2000
797DF
8: 2000
898DF
9: 4000
999DF
B: 2000
B9BDF
D: 4000
D9DDF
E: 2000
E9EDF
F: 4000
checking EBE8. with:
EBE8.
0: 2000
EBE80
1: 2000
EBE81
2: 2000
EBE82
3: 2000
EBE83
4: 2000
EBE84
5: 2000
EBE85
6: 2000
EBE86
7: 2000
EBE87
8: 3000
EBE88
9: 2000
EBE89
B: 3000
EBE8B
D: 2000
EBE8D
E: 4000
EBE8E
F: 2000
checking 5.25B with:
5.25B
0: 2000
5025B
1: 2000
5125B
2: 3000
5225B
3: 2000
5325B
4: 2000
5425B
5: 4000
5525B
6: 2000
5625B
7: 2000
5725B
8: 2000
5825B
9: 2000
5925B
B: 3000
5B25B
D: 2000
5D25B
E: 2000
5E25B
F: 2000
checking 8.8DD with:
8.8DD
0: 3000
808DD
1: 3000
818DD
2: 3000
828DD
3: 3000
838DD
4: 3000
848DD
5: 3000
858DD
6: 3000
868DD
7: 3000
878DD
8: 5000
888DD
9: 3000
898DD
B: 3000
8B8DD
D: 5000
8D8DD
E: 3000
8E8DD
F: 3000
checking ..... with:
.....
0: 7000
00000
1: 7000
11111
2: 7000
22222
3: 7000
33333
4: 7000
44444
5: 7000
55555
6: 7000
66666
7: 7000
77777
8: 7000
88888
9: 7000
99999
B: 7000
BBBBB
D: 7000
DDDDD
E: 7000
EEEEE
F: 7000
checking 6E..D with:
6E..D
0: 2000
6E00D
1: 2000
6E11D
2: 2000
6E22D
3: 2000
6E33D
4: 2000
6E44D
5: 2000
6E55D
6: 4000
6E66D
7: 2000
6E77D
8: 2000
6E88D
9: 2000
6E99D
B: 2000
6EBBD
D: 4000
6EDDD
E: 4000
6EEED
F: 2000
checking .BB88 with:
.BB88
0: 3000
0BB88
1: 3000
1BB88
2: 3000
2BB88
3: 3000
3BB88
4: 3000
4BB88
5: 3000
5BB88
6: 3000
6BB88
7: 3000
7BB88
8: 5000
8BB88
9: 3000
9BB88
B: 5000
BBB88
D: 3000
DBB88
E: 3000
EBB88
F: 3000
checking BFF.B with:
BFF.B
0: 3000
BFF0B
1: 3000
BFF1B
2: 3000
BFF2B
3: 3000
BFF3B
4: 3000
BFF4B
5: 3000
BFF5B
6: 3000
BFF6B
7: 3000
BFF7B
8: 3000
BFF8B
9: 3000
BFF9B
B: 5000
BFFBB
D: 3000
BFFDB
E: 3000
BFFEB
F: 5000
checking 264F. with:
264F.
0: 1000
264F0
1: 1000
264F1
2: 2000
264F2
3: 1000
264F3
4: 2000
264F4
5: 1000
264F5
6: 2000
264F6
7: 1000
264F7
8: 1000
264F8
9: 1000
264F9
B: 1000
264FB
D: 1000
264FD
E: 1000
264FE
F: 2000
checking 77.D. with:
77.D.
0: 3000
770D0
1: 3000
771D1
2: 3000
772D2
3: 3000
773D3
4: 3000
774D4
5: 3000
775D5
6: 3000
776D6
7: 6000
777D7
8: 3000
778D8
9: 3000
779D9
B: 3000
77BDB
D: 5000
77DDD
E: 3000
77EDE
F: 3000
checking 8.499 with:
8.499
0: 2000
80499
1: 2000
81499
2: 2000
82499
3: 2000
83499
4: 3000
84499
5: 2000
85499
6: 2000
86499
7: 2000
87499
8: 3000
88499
9: 4000
89499
B: 2000
8B499
D: 2000
8D499
E: 2000
8E499
F: 2000
checking FF8F. with:
FF8F.
0: 4000
FF8F0
1: 4000
FF8F1
2: 4000
FF8F2
3: 4000
FF8F3
4: 4000
FF8F4
5: 4000
FF8F5
6: 4000
FF8F6
7: 4000
FF8F7
8: 5000
FF8F8
9: 4000
FF8F9
B: 4000
FF8FB
D: 4000
FF8FD
E: 4000
FF8FE
F: 6000
checking B6B6. with:
B6B6.
0: 3000
B6B60
1: 3000
B6B61
2: 3000
B6B62
3: 3000
B6B63
4: 3000
B6B64
5: 3000
B6B65
6: 5000
B6B66
7: 3000
B6B67
8: 3000
B6B68
9: 3000
B6B69
B: 5000
B6B6B
D: 3000
B6B6D
E: 3000
B6B6E
F: 3000
checking 3D..3 with:
3D..3
0: 3000
3D003
1: 3000
3D113
2: 3000
3D223
3: 6000
3D333
4: 3000
3D443
5: 3000
3D553
6: 3000
3D663
7: 3000
3D773
8: 3000
3D883
9: 3000
3D993
B: 3000
3DBB3
D: 5000
3DDD3
E: 3000
3DEE3
F: 3000
checking E3.3E with:
E3.3E
0: 3000
E303E
1: 3000
E313E
2: 3000
E323E
3: 5000
E333E
4: 3000
E343E
5: 3000
E353E
6: 3000
E363E
7: 3000
E373E
8: 3000
E383E
9: 3000
E393E
B: 3000
E3B3E
D: 3000
E3D3E
E: 5000
E3E3E
F: 3000
checking .42E. with:
.42E.
0: 2000
042E0
1: 2000
142E1
2: 4000
242E2
3: 2000
342E3
4: 4000
442E4
5: 2000
542E5
6: 2000
642E6
7: 2000
742E7
8: 2000
842E8
9: 2000
942E9
B: 2000
B42EB
D: 2000
D42ED
E: 4000
E42EE
F: 2000
checking 6.524 with:
6.524
0: 1000
60524
1: 1000
61524
2: 2000
62524
3: 1000
63524
4: 2000
64524
5: 2000
65524
6: 2000
66524
7: 1000
67524
8: 1000
68524
9: 1000
69524
B: 1000
6B524
D: 1000
6D524
E: 1000
6E524
F: 1000
checking .95EE with:
.95EE
0: 2000
095EE
1: 2000
195EE
2: 2000
295EE
3: 2000
395EE
4: 2000
495EE
5: 3000
595EE
6: 2000
695EE
7: 2000
795EE
8: 2000
895EE
9: 3000
995EE
B: 2000
B95EE
D: 2000
D95EE
E: 4000
E95EE
F: 2000
checking 9.997 with:
9.997
0: 4000
90997
1: 4000
91997
2: 4000
92997
3: 4000
93997
4: 4000
94997
5: 4000
95997
6: 4000
96997
7: 5000
97997
8: 4000
98997
9: 6000
99997
B: 4000
9B997
D: 4000
9D997
E: 4000
9E997
F: 4000
checking .DDD. with:
.DDD.
0: 5000
0DDD0
1: 5000
1DDD1
2: 5000
2DDD2
3: 5000
3DDD3
4: 5000
4DDD4
5: 5000
5DDD5
6: 5000
6DDD6
7: 5000
7DDD7
8: 5000
8DDD8
9: 5000
9DDD9
B: 5000
BDDDB
D: 7000
DDDDD
E: 5000
EDDDE
F: 5000
checking FF.F5 with:
FF.F5
0: 4000
FF0F5
1: 4000
FF1F5
2: 4000
FF2F5
3: 4000
FF3F5
4: 4000
FF4F5
5: 5000
FF5F5
6: 4000
FF6F5
7: 4000
FF7F5
8: 4000
FF8F5
9: 4000
FF9F5
B: 4000
FFBF5
D: 4000
FFDF5
E: 4000
FFEF5
F: 6000
checking FFF.2 with:
FFF.2
0: 4000
FFF02
1: 4000
FFF12
2: 5000
FFF22
3: 4000
FFF32
4: 4000
FFF42
5: 4000
FFF52
6: 4000
FFF62
7: 4000
FFF72
8: 4000
FFF82
9: 4000
FFF92
B: 4000
FFFB2
D: 4000
FFFD2
E: 4000
FFFE2
F: 6000
checking 7.68E with:
7.68E
0: 1000
7068E
1: 1000
7168E
2: 1000
7268E
3: 1000
7368E
4: 1000
7468E
5: 1000
7568E
6: 2000
7668E
7: 2000
7768E
8: 2000
7868E
9: 1000
7968E
B: 1000
7B68E
D: 1000
7D68E
E: 2000
7E68E
F: 1000
checking F7... with:
F7...
0: 4000
F7000
1: 4000
F7111
2: 4000
F7222
3: 4000
F7333
4: 4000
F7444
5: 4000
F7555
6: 4000
F7666
7: 6000
F7777
8: 4000
F7888
9: 4000
F7999
B: 4000
F7BBB
D: 4000
F7DDD
E: 4000
F7EEE
F: 6000
checking 22.26 with:
22.26
0: 4000
22026
1: 4000
22126
2: 6000
22226
3: 4000
22326
4: 4000
22426
5: 4000
22526
6: 5000
22626
7: 4000
22726
8: 4000
22826
9: 4000
22926
B: 4000
22B26
D: 4000
22D26
E: 4000
22E26
F: 4000
checking DD.D7 with:
DD.D7
0: 4000
DD0D7
1: 4000
DD1D7
2: 4000
DD2D7
3: 4000
DD3D7
4: 4000
DD4D7
5: 4000
DD5D7
6: 4000
DD6D7
7: 5000
DD7D7
8: 4000
DD8D7
9: 4000
DD9D7
B: 4000
DDBD7
D: 6000
DDDD7
E: 4000
DDED7
F: 4000
checking E29.. with:
E29..
0: 2000
E2900
1: 2000
E2911
2: 4000
E2922
3: 2000
E2933
4: 2000
E2944
5: 2000
E2955
6: 2000
E2966
7: 2000
E2977
8: 2000
E2988
9: 4000
E2999
B: 2000
E29BB
D: 2000
E29DD
E: 4000
E29EE
F: 2000
checking 7.B29 with:
7.B29
0: 1000
70B29
1: 1000
71B29
2: 2000
72B29
3: 1000
73B29
4: 1000
74B29
5: 1000
75B29
6: 1000
76B29
7: 2000
77B29
8: 1000
78B29
9: 2000
79B29
B: 2000
7BB29
D: 1000
7DB29
E: 1000
7EB29
F: 1000
checking 36..D with:
36..D
0: 2000
3600D
1: 2000
3611D
2: 2000
3622D
3: 4000
3633D
4: 2000
3644D
5: 2000
3655D
6: 4000
3666D
7: 2000
3677D
8: 2000
3688D
9: 2000
3699D
B: 2000
36BBD
D: 4000
36DDD
E: 2000
36EED
F: 2000
checking 4433. with:
4433.
0: 3000
44330
1: 3000
44331
2: 3000
44332
3: 5000
44333
4: 5000
44334
5: 3000
44335
6: 3000
44336
7: 3000
44337
8: 3000
44338
9: 3000
44339
B: 3000
4433B
D: 3000
4433D
E: 3000
4433E
F: 3000
checking .9734 with:
.9734
0: 1000
09734
1: 1000
19734
2: 1000
29734
3: 2000
39734
4: 2000
49734
5: 1000
59734
6: 1000
69734
7: 2000
79734
8: 1000
89734
9: 2000
99734
B: 1000
B9734
D: 1000
D9734
E: 1000
E9734
F: 1000
checking 9.FFF with:
9.FFF
0: 4000
90FFF
1: 4000
91FFF
2: 4000
92FFF
3: 4000
93FFF
4: 4000
94FFF
5: 4000
95FFF
6: 4000
96FFF
7: 4000
97FFF
8: 4000
98FFF
9: 5000
99FFF
B: 4000
9BFFF
D: 4000
9DFFF
E: 4000
9EFFF
F: 6000
checking 8F.7D with:
8F.7D
0: 1000
8F07D
1: 1000
8F17D
2: 1000
8F27D
3: 1000
8F37D
4: 1000
8F47D
5: 1000
8F57D
6: 1000
8F67D
7: 2000
8F77D
8: 2000
8F87D
9: 1000
8F97D
B: 1000
8FB7D
D: 2000
8FD7D
E: 1000
8FE7D
F: 2000
checking 3B2.3 with:
3B2.3
0: 2000
3B203
1: 2000
3B213
2: 3000
3B223
3: 4000
3B233
4: 2000
3B243
5: 2000
3B253
6: 2000
3B263
7: 2000
3B273
8: 2000
3B283
9: 2000
3B293
B: 3000
3B2B3
D: 2000
3B2D3
E: 2000
3B2E3
F: 2000
checking 3BD.B with:
3BD.B
0: 2000
3BD0B
1: 2000
3BD1B
2: 2000
3BD2B
3: 3000
3BD3B
4: 2000
3BD4B
5: 2000
3BD5B
6: 2000
3BD6B
7: 2000
3BD7B
8: 2000
3BD8B
9: 2000
3BD9B
B: 4000
3BDBB
D: 3000
3BDDB
E: 2000
3BDEB
F: 2000
checking BB.B7 with:
BB.B7
0: 4000
BB0B7
1: 4000
BB1B7
2: 4000
BB2B7
3: 4000
BB3B7
4: 4000
BB4B7
5: 4000
BB5B7
6: 4000
BB6B7
7: 5000
BB7B7
8: 4000
BB8B7
9: 4000
BB9B7
B: 6000
BBBB7
D: 4000
BBDB7
E: 4000
BBEB7
F: 4000
checking 8.EFF with:
8.EFF
0: 2000
80EFF
1: 2000
81EFF
2: 2000
82EFF
3: 2000
83EFF
4: 2000
84EFF
5: 2000
85EFF
6: 2000
86EFF
7: 2000
87EFF
8: 3000
88EFF
9: 2000
89EFF
B: 2000
8BEFF
D: 2000
8DEFF
E: 3000
8EEFF
F: 4000
checking ..222 with:
..222
0: 5000
00222
1: 5000
11222
2: 7000
22222
3: 5000
33222
4: 5000
44222
5: 5000
55222
6: 5000
66222
7: 5000
77222
8: 5000
88222
9: 5000
99222
B: 5000
BB222
D: 5000
DD222
E: 5000
EE222
F: 5000
checking E3.EE with:
E3.EE
0: 4000
E30EE
1: 4000
E31EE
2: 4000
E32EE
3: 5000
E33EE
4: 4000
E34EE
5: 4000
E35EE
6: 4000
E36EE
7: 4000
E37EE
8: 4000
E38EE
9: 4000
E39EE
B: 4000
E3BEE
D: 4000
E3DEE
E: 6000
E3EEE
F: 4000
checking 6393. with:
6393.
0: 2000
63930
1: 2000
63931
2: 2000
63932
3: 4000
63933
4: 2000
63934
5: 2000
63935
6: 3000
63936
7: 2000
63937
8: 2000
63938
9: 3000
63939
B: 2000
6393B
D: 2000
6393D
E: 2000
6393E
F: 2000
checking F7.EF with:
F7.EF
0: 2000
F70EF
1: 2000
F71EF
2: 2000
F72EF
3: 2000
F73EF
4: 2000
F74EF
5: 2000
F75EF
6: 2000
F76EF
7: 3000
F77EF
8: 2000
F78EF
9: 2000
F79EF
B: 2000
F7BEF
D: 2000
F7DEF
E: 3000
F7EEF
F: 4000
checking EF.EE with:
EF.EE
0: 4000
EF0EE
1: 4000
EF1EE
2: 4000
EF2EE
3: 4000
EF3EE
4: 4000
EF4EE
5: 4000
EF5EE
6: 4000
EF6EE
7: 4000
EF7EE
8: 4000
EF8EE
9: 4000
EF9EE
B: 4000
EFBEE
D: 4000
EFDEE
E: 6000
EFEEE
F: 5000
checking D4DD. with:
D4DD.
0: 4000
D4DD0
1: 4000
D4DD1
2: 4000
D4DD2
3: 4000
D4DD3
4: 5000
D4DD4
5: 4000
D4DD5
6: 4000
D4DD6
7: 4000
D4DD7
8: 4000
D4DD8
9: 4000
D4DD9
B: 4000
D4DDB
D: 6000
D4DDD
E: 4000
D4DDE
F: 4000
checking 53.FF with:
53.FF
0: 2000
530FF
1: 2000
531FF
2: 2000
532FF
3: 3000
533FF
4: 2000
534FF
5: 3000
535FF
6: 2000
536FF
7: 2000
537FF
8: 2000
538FF
9: 2000
539FF
B: 2000
53BFF
D: 2000
53DFF
E: 2000
53EFF
F: 4000
checking F.6E6 with:
F.6E6
0: 2000
F06E6
1: 2000
F16E6
2: 2000
F26E6
3: 2000
F36E6
4: 2000
F46E6
5: 2000
F56E6
6: 4000
F66E6
7: 2000
F76E6
8: 2000
F86E6
9: 2000
F96E6
B: 2000
FB6E6
D: 2000
FD6E6
E: 3000
FE6E6
F: 3000
checking D2.6. with:
D2.6.
0: 2000
D2060
1: 2000
D2161
2: 4000
D2262
3: 2000
D2363
4: 2000
D2464
5: 2000
D2565
6: 4000
D2666
7: 2000
D2767
8: 2000
D2868
9: 2000
D2969
B: 2000
D2B6B
D: 4000
D2D6D
E: 2000
D2E6E
F: 2000
checking D2..3 with:
D2..3
0: 2000
D2003
1: 2000
D2113
2: 4000
D2223
3: 4000
D2333
4: 2000
D2443
5: 2000
D2553
6: 2000
D2663
7: 2000
D2773
8: 2000
D2883
9: 2000
D2993
B: 2000
D2BB3
D: 4000
D2DD3
E: 2000
D2EE3
F: 2000
checking 4BB.E with:
4BB.E
0: 2000
4BB0E
1: 2000
4BB1E
2: 2000
4BB2E
3: 2000
4BB3E
4: 3000
4BB4E
5: 2000
4BB5E
6: 2000
4BB6E
7: 2000
4BB7E
8: 2000
4BB8E
9: 2000
4BB9E
B: 4000
4BBBE
D: 2000
4BBDE
E: 3000
4BBEE
F: 2000
checking 5.B82 with:
5.B82
0: 1000
50B82
1: 1000
51B82
2: 2000
52B82
3: 1000
53B82
4: 1000
54B82
5: 2000
55B82
6: 1000
56B82
7: 1000
57B82
8: 2000
58B82
9: 1000
59B82
B: 2000
5BB82
D: 1000
5DB82
E: 1000
5EB82
F: 1000
checking F49.7 with:
F49.7
0: 1000
F4907
1: 1000
F4917
2: 1000
F4927
3: 1000
F4937
4: 2000
F4947
5: 1000
F4957
6: 1000
F4967
7: 2000
F4977
8: 1000
F4987
9: 2000
F4997
B: 1000
F49B7
D: 1000
F49D7
E: 1000
F49E7
F: 2000
checking 232.4 with:
232.4
0: 2000
23204
1: 2000
23214
2: 4000
23224
3: 3000
23234
4: 3000
23244
5: 2000
23254
6: 2000
23264
7: 2000
23274
8: 2000
23284
9: 2000
23294
B: 2000
232B4
D: 2000
232D4
E: 2000
232E4
F: 2000
checking .D9B9 with:
.D9B9
0: 2000
0D9B9
1: 2000
1D9B9
2: 2000
2D9B9
3: 2000
3D9B9
4: 2000
4D9B9
5: 2000
5D9B9
6: 2000
6D9B9
7: 2000
7D9B9
8: 2000
8D9B9
9: 4000
9D9B9
B: 3000
BD9B9
D: 3000
DD9B9
E: 2000
ED9B9
F: 2000
checking BD.3E with:
BD.3E
0: 1000
BD03E
1: 1000
BD13E
2: 1000
BD23E
3: 2000
BD33E
4: 1000
BD43E
5: 1000
BD53E
6: 1000
BD63E
7: 1000
BD73E
8: 1000
BD83E
9: 1000
BD93E
B: 2000
BDB3E
D: 2000
BDD3E
E: 2000
BDE3E
F: 1000
checking DB8.3 with:
DB8.3
0: 1000
DB803
1: 1000
DB813
2: 1000
DB823
3: 2000
DB833
4: 1000
DB843
5: 1000
DB853
6: 1000
DB863
7: 1000
DB873
8: 2000
DB883
9: 1000
DB893
B: 2000
DB8B3
D: 2000
DB8D3
E: 1000
DB8E3
F: 1000
checking 8B.88 with:
8B.88
0: 4000
8B088
1: 4000
8B188
2: 4000
8B288
3: 4000
8B388
4: 4000
8B488
5: 4000
8B588
6: 4000
8B688
7: 4000
8B788
8: 6000
8B888
9: 4000
8B988
B: 5000
8BB88
D: 4000
8BD88
E: 4000
8BE88
F: 4000
checking 99.89 with:
99.89
0: 4000
99089
1: 4000
99189
2: 4000
99289
3: 4000
99389
4: 4000
99489
5: 4000
99589
6: 4000
99689
7: 4000
99789
8: 5000
99889
9: 6000
99989
B: 4000
99B89
D: 4000
99D89
E: 4000
99E89
F: 4000
checking .4EF4 with:
.4EF4
0: 2000
04EF4
1: 2000
14EF4
2: 2000
24EF4
3: 2000
34EF4
4: 4000
44EF4
5: 2000
54EF4
6: 2000
64EF4
7: 2000
74EF4
8: 2000
84EF4
9: 2000
94EF4
B: 2000
B4EF4
D: 2000
D4EF4
E: 3000
E4EF4
F: 3000
checking 9.555 with:
9.555
0: 4000
90555
1: 4000
91555
2: 4000
92555
3: 4000
93555
4: 4000
94555
5: 6000
95555
6: 4000
96555
7: 4000
97555
8: 4000
98555
9: 5000
99555
B: 4000
9B555
D: 4000
9D555
E: 4000
9E555
F: 4000
checking .7482 with:
.7482
0: 1000
07482
1: 1000
17482
2: 2000
27482
3: 1000
37482
4: 2000
47482
5: 1000
57482
6: 1000
67482
7: 2000
77482
8: 2000
87482
9: 1000
97482
B: 1000
B7482
D: 1000
D7482
E: 1000
E7482
F: 1000
checking D8DD. with:
D8DD.
0: 4000
D8DD0
1: 4000
D8DD1
2: 4000
D8DD2
3: 4000
D8DD3
4: 4000
D8DD4
5: 4000
D8DD5
6: 4000
D8DD6
7: 4000
D8DD7
8: 5000
D8DD8
9: 4000
D8DD9
B: 4000
D8DDB
D: 6000
D8DDD
E: 4000
D8DDE
F: 4000
checking 3.B48 with:
3.B48
0: 1000
30B48
1: 1000
31B48
2: 1000
32B48
3: 2000
33B48
4: 2000
34B48
5: 1000
35B48
6: 1000
36B48
7: 1000
37B48
8: 2000
38B48
9: 1000
39B48
B: 2000
3BB48
D: 1000
3DB48
E: 1000
3EB48
F: 1000
checking .6B65 with:
.6B65
0: 2000
06B65
1: 2000
16B65
2: 2000
26B65
3: 2000
36B65
4: 2000
46B65
5: 3000
56B65
6: 4000
66B65
7: 2000
76B65
8: 2000
86B65
9: 2000
96B65
B: 3000
B6B65
D: 2000
D6B65
E: 2000
E6B65
F: 2000
checking 2299. with:
2299.
0: 3000
22990
1: 3000
22991
2: 5000
22992
3: 3000
22993
4: 3000
22994
5: 3000
22995
6: 3000
22996
7: 3000
22997
8: 3000
22998
9: 5000
22999
B: 3000
2299B
D: 3000
2299D
E: 3000
2299E
F: 3000
checking 66.44 with:
66.44
0: 3000
66044
1: 3000
66144
2: 3000
66244
3: 3000
66344
4: 5000
66444
5: 3000
66544
6: 5000
66644
7: 3000
66744
8: 3000
66844
9: 3000
66944
B: 3000
66B44
D: 3000
66D44
E: 3000
66E44
F: 3000
checking 75.8F with:
75.8F
0: 1000
7508F
1: 1000
7518F
2: 1000
7528F
3: 1000
7538F
4: 1000
7548F
5: 2000
7558F
6: 1000
7568F
7: 2000
7578F
8: 2000
7588F
9: 1000
7598F
B: 1000
75B8F
D: 1000
75D8F
E: 1000
75E8F
F: 2000
checking .6666 with:
.6666
0: 6000
06666
1: 6000
16666
2: 6000
26666
3: 6000
36666
4: 6000
46666
5: 6000
56666
6: 7000
66666
7: 6000
76666
8: 6000
86666
9: 6000
96666
B: 6000
B6666
D: 6000
D6666
E: 6000
E6666
F: 6000
checking F.B9D with:
F.B9D
0: 1000
F0B9D
1: 1000
F1B9D
2: 1000
F2B9D
3: 1000
F3B9D
4: 1000
F4B9D
5: 1000
F5B9D
6: 1000
F6B9D
7: 1000
F7B9D
8: 1000
F8B9D
9: 2000
F9B9D
B: 2000
FBB9D
D: 2000
FDB9D
E: 1000
FEB9D
F: 2000
checking 59.2D with:
59.2D
0: 1000
5902D
1: 1000
5912D
2: 2000
5922D
3: 1000
5932D
4: 1000
5942D
5: 2000
5952D
6: 1000
5962D
7: 1000
5972D
8: 1000
5982D
9: 2000
5992D
B: 1000
59B2D
D: 2000
59D2D
E: 1000
59E2D
F: 1000
checking 2.882 with:
2.882
0: 3000
20882
1: 3000
21882
2: 5000
22882
3: 3000
23882
4: 3000
24882
5: 3000
25882
6: 3000
26882
7: 3000
27882
8: 5000
28882
9: 3000
29882
B: 3000
2B882
D: 3000
2D882
E: 3000
2E882
F: 3000
checking .6356 with:
.6356
0: 2000
06356
1: 2000
16356
2: 2000
26356
3: 3000
36356
4: 2000
46356
5: 3000
56356
6: 4000
66356
7: 2000
76356
8: 2000
86356
9: 2000
96356
B: 2000
B6356
D: 2000
D6356
E: 2000
E6356
F: 2000
checking F.BB3 with:
F.BB3
0: 2000
F0BB3
1: 2000
F1BB3
2: 2000
F2BB3
3: 3000
F3BB3
4: 2000
F4BB3
5: 2000
F5BB3
6: 2000
F6BB3
7: 2000
F7BB3
8: 2000
F8BB3
9: 2000
F9BB3
B: 4000
FBBB3
D: 2000
FDBB3
E: 2000
FEBB3
F: 3000
checking 97.97 with:
97.97
0: 3000
97097
1: 3000
97197
2: 3000
97297
3: 3000
97397
4: 3000
97497
5: 3000
97597
6: 3000
97697
7: 5000
97797
8: 3000
97897
9: 5000
97997
B: 3000
97B97
D: 3000
97D97
E: 3000
97E97
F: 3000
checking FF.FF with:
FF.FF
0: 6000
FF0FF
1: 6000
FF1FF
2: 6000
FF2FF
3: 6000
FF3FF
4: 6000
FF4FF
5: 6000
FF5FF
6: 6000
FF6FF
7: 6000
FF7FF
8: 6000
FF8FF
9: 6000
FF9FF
B: 6000
FFBFF
D: 6000
FFDFF
E: 6000
FFEFF
F: 7000
checking 66.26 with:
66.26
0: 4000
66026
1: 4000
66126
2: 5000
66226
3: 4000
66326
4: 4000
66426
5: 4000
66526
6: 6000
66626
7: 4000
66726
8: 4000
66826
9: 4000
66926
B: 4000
66B26
D: 4000
66D26
E: 4000
66E26
F: 4000
checking 3366. with:
3366.
0: 3000
33660
1: 3000
33661
2: 3000
33662
3: 5000
33663
4: 3000
33664
5: 3000
33665
6: 5000
33666
7: 3000
33667
8: 3000
33668
9: 3000
33669
B: 3000
3366B
D: 3000
3366D
E: 3000
3366E
F: 3000
checking D.3BD with:
D.3BD
0: 2000
D03BD
1: 2000
D13BD
2: 2000
D23BD
3: 3000
D33BD
4: 2000
D43BD
5: 2000
D53BD
6: 2000
D63BD
7: 2000
D73BD
8: 2000
D83BD
9: 2000
D93BD
B: 3000
DB3BD
D: 4000
DD3BD
E: 2000
DE3BD
F: 2000
checking 75.F9 with:
75.F9
0: 1000
750F9
1: 1000
751F9
2: 1000
752F9
3: 1000
753F9
4: 1000
754F9
5: 2000
755F9
6: 1000
756F9
7: 2000
757F9
8: 1000
758F9
9: 2000
759F9
B: 1000
75BF9
D: 1000
75DF9
E: 1000
75EF9
F: 2000
checking 9.758 with:
9.758
0: 1000
90758
1: 1000
91758
2: 1000
92758
3: 1000
93758
4: 1000
94758
5: 2000
95758
6: 1000
96758
7: 2000
97758
8: 2000
98758
9: 2000
99758
B: 1000
9B758
D: 1000
9D758
E: 1000
9E758
F: 1000
checking 4445. with:
4445.
0: 4000
44450
1: 4000
44451
2: 4000
44452
3: 4000
44453
4: 6000
44454
5: 5000
44455
6: 4000
44456
7: 4000
44457
8: 4000
44458
9: 4000
44459
B: 4000
4445B
D: 4000
4445D
E: 4000
4445E
F: 4000
checking B3.47 with:
B3.47
0: 1000
B3047
1: 1000
B3147
2: 1000
B3247
3: 2000
B3347
4: 2000
B3447
5: 1000
B3547
6: 1000
B3647
7: 2000
B3747
8: 1000
B3847
9: 1000
B3947
B: 2000
B3B47
D: 1000
B3D47
E: 1000
B3E47
F: 1000
checking 8.E82 with:
8.E82
0: 2000
80E82
1: 2000
81E82
2: 3000
82E82
3: 2000
83E82
4: 2000
84E82
5: 2000
85E82
6: 2000
86E82
7: 2000
87E82
8: 4000
88E82
9: 2000
89E82
B: 2000
8BE82
D: 2000
8DE82
E: 3000
8EE82
F: 2000
checking .BF.F with:
.BF.F
0: 3000
0BF0F
1: 3000
1BF1F
2: 3000
2BF2F
3: 3000
3BF3F
4: 3000
4BF4F
5: 3000
5BF5F
6: 3000
6BF6F
7: 3000
7BF7F
8: 3000
8BF8F
9: 3000
9BF9F
B: 5000
BBFBF
D: 3000
DBFDF
E: 3000
EBFEF
F: 6000
checking .3373 with:
.3373
0: 4000
03373
1: 4000
13373
2: 4000
23373
3: 6000
33373
4: 4000
43373
5: 4000
53373
6: 4000
63373
7: 5000
73373
8: 4000
83373
9: 4000
93373
B: 4000
B3373
D: 4000
D3373
E: 4000
E3373
F: 4000
checking BD.88 with:
BD.88
0: 2000
BD088
1: 2000
BD188
2: 2000
BD288
3: 2000
BD388
4: 2000
BD488
5: 2000
BD588
6: 2000
BD688
7: 2000
BD788
8: 4000
BD888
9: 2000
BD988
B: 3000
BDB88
D: 3000
BDD88
E: 2000
BDE88
F: 2000
checking 6.496 with:
6.496
0: 2000
60496
1: 2000
61496
2: 2000
62496
3: 2000
63496
4: 3000
64496
5: 2000
65496
6: 4000
66496
7: 2000
67496
8: 2000
68496
9: 3000
69496
B: 2000
6B496
D: 2000
6D496
E: 2000
6E496
F: 2000
checking 679.6 with:
679.6
0: 2000
67906
1: 2000
67916
2: 2000
67926
3: 2000
67936
4: 2000
67946
5: 2000
67956
6: 4000
67966
7: 3000
67976
8: 2000
67986
9: 3000
67996
B: 2000
679B6
D: 2000
679D6
E: 2000
679E6
F: 2000
checking 2.834 with:
2.834
0: 1000
20834
1: 1000
21834
2: 2000
22834
3: 2000
23834
4: 2000
24834
5: 1000
25834
6: 1000
26834
7: 1000
27834
8: 2000
28834
9: 1000
29834
B: 1000
2B834
D: 1000
2D834
E: 1000
2E834
F: 1000
checking 77E.6 with:
77E.6
0: 2000
77E06
1: 2000
77E16
2: 2000
77E26
3: 2000
77E36
4: 2000
77E46
5: 2000
77E56
6: 3000
77E66
7: 4000
77E76
8: 2000
77E86
9: 2000
77E96
B: 2000
77EB6
D: 2000
77ED6
E: 3000
77EE6
F: 2000
checking D.88F with:
D.88F
0: 2000
D088F
1: 2000
D188F
2: 2000
D288F
3: 2000
D388F
4: 2000
D488F
5: 2000
D588F
6: 2000
D688F
7: 2000
D788F
8: 4000
D888F
9: 2000
D988F
B: 2000
DB88F
D: 3000
DD88F
E: 2000
DE88F
F: 3000
checking 92.78 with:
92.78
0: 1000
92078
1: 1000
92178
2: 2000
92278
3: 1000
92378
4: 1000
92478
5: 1000
92578
6: 1000
92678
7: 2000
92778
8: 2000
92878
9: 2000
92978
B: 1000
92B78
D: 1000
92D78
E: 1000
92E78
F: 1000
checking 87.53 with:
87.53
0: 1000
87053
1: 1000
87153
2: 1000
87253
3: 2000
87353
4: 1000
87453
5: 2000
87553
6: 1000
87653
7: 2000
87753
8: 2000
87853
9: 1000
87953
B: 1000
87B53
D: 1000
87D53
E: 1000
87E53
F: 1000
checking B.BD7 with:
B.BD7
0: 2000
B0BD7
1: 2000
B1BD7
2: 2000
B2BD7
3: 2000
B3BD7
4: 2000
B4BD7
5: 2000
B5BD7
6: 2000
B6BD7
7: 3000
B7BD7
8: 2000
B8BD7
9: 2000
B9BD7
B: 4000
BBBD7
D: 3000
BDBD7
E: 2000
BEBD7
F: 2000
checking D737. with:
D737.
0: 2000
D7370
1: 2000
D7371
2: 2000
D7372
3: 3000
D7373
4: 2000
D7374
5: 2000
D7375
6: 2000
D7376
7: 4000
D7377
8: 2000
D7378
9: 2000
D7379
B: 2000
D737B
D: 3000
D737D
E: 2000
D737E
F: 2000
checking F.F.F with:
F.F.F
0: 5000
F0F0F
1: 5000
F1F1F
2: 5000
F2F2F
3: 5000
F3F3F
4: 5000
F4F4F
5: 5000
F5F5F
6: 5000
F6F6F
7: 5000
F7F7F
8: 5000
F8F8F
9: 5000
F9F9F
B: 5000
FBFBF
D: 5000
FDFDF
E: 5000
FEFEF
F: 7000
checking 76.94 with:
76.94
0: 1000
76094
1: 1000
76194
2: 1000
76294
3: 1000
76394
4: 2000
76494
5: 1000
76594
6: 2000
76694
7: 2000
76794
8: 1000
76894
9: 2000
76994
B: 1000
76B94
D: 1000
76D94
E: 1000
76E94
F: 1000
checking 5666. with:
5666.
0: 4000
56660
1: 4000
56661
2: 4000
56662
3: 4000
56663
4: 4000
56664
5: 5000
56665
6: 6000
56666
7: 4000
56667
8: 4000
56668
9: 4000
56669
B: 4000
5666B
D: 4000
5666D
E: 4000
5666E
F: 4000
checking 999F. with:
999F.
0: 4000
999F0
1: 4000
999F1
2: 4000
999F2
3: 4000
999F3
4: 4000
999F4
5: 4000
999F5
6: 4000
999F6
7: 4000
999F7
8: 4000
999F8
9: 6000
999F9
B: 4000
999FB
D: 4000
999FD
E: 4000
999FE
F: 5000
checking D.DDB with:
D.DDB
0: 4000
D0DDB
1: 4000
D1DDB
2: 4000
D2DDB
3: 4000
D3DDB
4: 4000
D4DDB
5: 4000
D5DDB
6: 4000
D6DDB
7: 4000
D7DDB
8: 4000
D8DDB
9: 4000
D9DDB
B: 5000
DBDDB
D: 6000
DDDDB
E: 4000
DEDDB
F: 4000
checking E.72B with:
E.72B
0: 1000
E072B
1: 1000
E172B
2: 2000
E272B
3: 1000
E372B
4: 1000
E472B
5: 1000
E572B
6: 1000
E672B
7: 2000
E772B
8: 1000
E872B
9: 1000
E972B
B: 2000
EB72B
D: 1000
ED72B
E: 2000
EE72B
F: 1000
checking 4.829 with:
4.829
0: 1000
40829
1: 1000
41829
2: 2000
42829
3: 1000
43829
4: 2000
44829
5: 1000
45829
6: 1000
46829
7: 1000
47829
8: 2000
48829
9: 2000
49829
B: 1000
4B829
D: 1000
4D829
E: 1000
4E829
F: 1000
checking ..BB9 with:
..BB9
0: 3000
00BB9
1: 3000
11BB9
2: 3000
22BB9
3: 3000
33BB9
4: 3000
44BB9
5: 3000
55BB9
6: 3000
66BB9
7: 3000
77BB9
8: 3000
88BB9
9: 5000
99BB9
B: 6000
BBBB9
D: 3000
DDBB9
E: 3000
EEBB9
F: 3000
checking D.DB9 with:
D.DB9
0: 2000
D0DB9
1: 2000
D1DB9
2: 2000
D2DB9
3: 2000
D3DB9
4: 2000
D4DB9
5: 2000
D5DB9
6: 2000
D6DB9
7: 2000
D7DB9
8: 2000
D8DB9
9: 3000
D9DB9
B: 3000
DBDB9
D: 4000
DDDB9
E: 2000
DEDB9
F: 2000
checking 5B5E. with:
5B5E.
0: 2000
5B5E0
1: 2000
5B5E1
2: 2000
5B5E2
3: 2000
5B5E3
4: 2000
5B5E4
5: 4000
5B5E5
6: 2000
5B5E6
7: 2000
5B5E7
8: 2000
5B5E8
9: 2000
5B5E9
B: 3000
5B5EB
D: 2000
5B5ED
E: 3000
5B5EE
F: 2000
checking ..464 with:
..464
0: 3000
00464
1: 3000
11464
2: 3000
22464
3: 3000
33464
4: 6000
44464
5: 3000
55464
6: 5000
66464
7: 3000
77464
8: 3000
88464
9: 3000
99464
B: 3000
BB464
D: 3000
DD464
E: 3000
EE464
F: 3000
checking .B565 with:
.B565
0: 2000
0B565
1: 2000
1B565
2: 2000
2B565
3: 2000
3B565
4: 2000
4B565
5: 4000
5B565
6: 3000
6B565
7: 2000
7B565
8: 2000
8B565
9: 2000
9B565
B: 3000
BB565
D: 2000
DB565
E: 2000
EB565
F: 2000
checking .2E55 with:
.2E55
0: 2000
02E55
1: 2000
12E55
2: 3000
22E55
3: 2000
32E55
4: 2000
42E55
5: 4000
52E55
6: 2000
62E55
7: 2000
72E55
8: 2000
82E55
9: 2000
92E55
B: 2000
B2E55
D: 2000
D2E55
E: 3000
E2E55
F: 2000
checking .5BB5 with:
.5BB5
0: 3000
05BB5
1: 3000
15BB5
2: 3000
25BB5
3: 3000
35BB5
4: 3000
45BB5
5: 5000
55BB5
6: 3000
65BB5
7: 3000
75BB5
8: 3000
85BB5
9: 3000
95BB5
B: 5000
B5BB5
D: 3000
D5BB5
E: 3000
E5BB5
F: 3000
checking .FF.8 with:
.FF.8
0: 3000
0FF08
1: 3000
1FF18
2: 3000
2FF28
3: 3000
3FF38
4: 3000
4FF48
5: 3000
5FF58
6: 3000
6FF68
7: 3000
7FF78
8: 5000
8FF88
9: 3000
9FF98
B: 3000
BFFB8
D: 3000
DFFD8
E: 3000
EFFE8
F: 6000
checking D99.9 with:
D99.9
0: 4000
D9909
1: 4000
D9919
2: 4000
D9929
3: 4000
D9939
4: 4000
D9949
5: 4000
D9959
6: 4000
D9969
7: 4000
D9979
8: 4000
D9989
9: 6000
D9999
B: 4000
D99B9
D: 5000
D99D9
E: 4000
D99E9
F: 4000
checking 33.99 with:
33.99
0: 3000
33099
1: 3000
33199
2: 3000
33299
3: 5000
33399
4: 3000
33499
5: 3000
33599
6: 3000
33699
7: 3000
33799
8: 3000
33899
9: 5000
33999
B: 3000
33B99
D: 3000
33D99
E: 3000
33E99
F: 3000
checking .8488 with:
.8488
0: 4000
08488
1: 4000
18488
2: 4000
28488
3: 4000
38488
4: 5000
48488
5: 4000
58488
6: 4000
68488
7: 4000
78488
8: 6000
88488
9: 4000
98488
B: 4000
B8488
D: 4000
D8488
E: 4000
E8488
F: 4000
checking 3.BBB with:
3.BBB
0: 4000
30BBB
1: 4000
31BBB
2: 4000
32BBB
3: 5000
33BBB
4: 4000
34BBB
5: 4000
35BBB
6: 4000
36BBB
7: 4000
37BBB
8: 4000
38BBB
9: 4000
39BBB
B: 6000
3BBBB
D: 4000
3DBBB
E: 4000
3EBBB
F: 4000
checking .3F.5 with:
.3F.5
0: 2000
03F05
1: 2000
13F15
2: 2000
23F25
3: 4000
33F35
4: 2000
43F45
5: 4000
53F55
6: 2000
63F65
7: 2000
73F75
8: 2000
83F85
9: 2000
93F95
B: 2000
B3FB5
D: 2000
D3FD5
E: 2000
E3FE5
F: 4000
checking 8.6FF with:
8.6FF
0: 2000
806FF
1: 2000
816FF
2: 2000
826FF
3: 2000
836FF
4: 2000
846FF
5: 2000
856FF
6: 3000
866FF
7: 2000
876FF
8: 3000
886FF
9: 2000
896FF
B: 2000
8B6FF
D: 2000
8D6FF
E: 2000
8E6FF
F: 4000
checking .5B.8 with:
.5B.8
0: 2000
05B08
1: 2000
15B18
2: 2000
25B28
3: 2000
35B38
4: 2000
45B48
5: 4000
55B58
6: 2000
65B68
7: 2000
75B78
8: 4000
85B88
9: 2000
95B98
B: 4000
B5BB8
D: 2000
D5BD8
E: 2000
E5BE8
F: 2000
checking ..FB3 with:
..FB3
0: 2000
00FB3
1: 2000
11FB3
2: 2000
22FB3
3: 4000
33FB3
4: 2000
44FB3
5: 2000
55FB3
6: 2000
66FB3
7: 2000
77FB3
8: 2000
88FB3
9: 2000
99FB3
B: 4000
BBFB3
D: 2000
DDFB3
E: 2000
EEFB3
F: 4000
checking .F55F with:
.F55F
0: 3000
0F55F
1: 3000
1F55F
2: 3000
2F55F
3: 3000
3F55F
4: 3000
4F55F
5: 5000
5F55F
6: 3000
6F55F
7: 3000
7F55F
8: 3000
8F55F
9: 3000
9F55F
B: 3000
BF55F
D: 3000
DF55F
E: 3000
EF55F
F: 5000
checking 768B. with:
768B.
0: 1000
768B0
1: 1000
768B1
2: 1000
768B2
3: 1000
768B3
4: 1000
768B4
5: 1000
768B5
6: 2000
768B6
7: 2000
768B7
8: 2000
768B8
9: 1000
768B9
B: 2000
768BB
D: 1000
768BD
E: 1000
768BE
F: 1000
checking B2E.B with:
B2E.B
0: 2000
B2E0B
1: 2000
B2E1B
2: 3000
B2E2B
3: 2000
B2E3B
4: 2000
B2E4B
5: 2000
B2E5B
6: 2000
B2E6B
7: 2000
B2E7B
8: 2000
B2E8B
9: 2000
B2E9B
B: 4000
B2EBB
D: 2000
B2EDB
E: 3000
B2EEB
F: 2000
checking .FDDD with:
.FDDD
0: 4000
0FDDD
1: 4000
1FDDD
2: 4000
2FDDD
3: 4000
3FDDD
4: 4000
4FDDD
5: 4000
5FDDD
6: 4000
6FDDD
7: 4000
7FDDD
8: 4000
8FDDD
9: 4000
9FDDD
B: 4000
BFDDD
D: 6000
DFDDD
E: 4000
EFDDD
F: 5000
checking 88.62 with:
88.62
0: 2000
88062
1: 2000
88162
2: 3000
88262
3: 2000
88362
4: 2000
88462
5: 2000
88562
6: 3000
88662
7: 2000
88762
8: 4000
88862
9: 2000
88962
B: 2000
88B62
D: 2000
88D62
E: 2000
88E62
F: 2000
checking EDE.4 with:
EDE.4
0: 2000
EDE04
1: 2000
EDE14
2: 2000
EDE24
3: 2000
EDE34
4: 3000
EDE44
5: 2000
EDE54
6: 2000
EDE64
7: 2000
EDE74
8: 2000
EDE84
9: 2000
EDE94
B: 2000
EDEB4
D: 3000
EDED4
E: 4000
EDEE4
F: 2000
checking 4F7D. with:
4F7D.
0: 1000
4F7D0
1: 1000
4F7D1
2: 1000
4F7D2
3: 1000
4F7D3
4: 2000
4F7D4
5: 1000
4F7D5
6: 1000
4F7D6
7: 2000
4F7D7
8: 1000
4F7D8
9: 1000
4F7D9
B: 1000
4F7DB
D: 2000
4F7DD
E: 1000
4F7DE
F: 2000
checking 9297. with:
9297.
0: 2000
92970
1: 2000
92971
2: 3000
92972
3: 2000
92973
4: 2000
92974
5: 2000
92975
6: 2000
92976
7: 3000
92977
8: 2000
92978
9: 4000
92979
B: 2000
9297B
D: 2000
9297D
E: 2000
9297E
F: 2000
checking F33.F with:
F33.F
0: 3000
F330F
1: 3000
F331F
2: 3000
F332F
3: 5000
F333F
4: 3000
F334F
5: 3000
F335F
6: 3000
F336F
7: 3000
F337F
8: 3000
F338F
9: 3000
F339F
B: 3000
F33BF
D: 3000
F33DF
E: 3000
F33EF
F: 5000
checking .3FFF with:
.3FFF
0: 4000
03FFF
1: 4000
13FFF
2: 4000
23FFF
3: 5000
33FFF
4: 4000
43FFF
5: 4000
53FFF
6: 4000
63FFF
7: 4000
73FFF
8: 4000
83FFF
9: 4000
93FFF
B: 4000
B3FFF
D: 4000
D3FFF
E: 4000
E3FFF
F: 6000
checking 5.662 with:
5.662
0: 2000
50662
1: 2000
51662
2: 3000
52662
3: 2000
53662
4: 2000
54662
5: 3000
55662
6: 4000
56662
7: 2000
57662
8: 2000
58662
9: 2000
59662
B: 2000
5B662
D: 2000
5D662
E: 2000
5E662
F: 2000
checking B8.E5 with:
B8.E5
0: 1000
B80E5
1: 1000
B81E5
2: 1000
B82E5
3: 1000
B83E5
4: 1000
B84E5
5: 2000
B85E5
6: 1000
B86E5
7: 1000
B87E5
8: 2000
B88E5
9: 1000
B89E5
B: 2000
B8BE5
D: 1000
B8DE5
E: 2000
B8EE5
F: 1000
checking 4EE.E with:
4EE.E
0: 4000
4EE0E
1: 4000
4EE1E
2: 4000
4EE2E
3: 4000
4EE3E
4: 5000
4EE4E
5: 4000
4EE5E
6: 4000
4EE6E
7: 4000
4EE7E
8: 4000
4EE8E
9: 4000
4EE9E
B: 4000
4EEBE
D: 4000
4EEDE
E: 6000
4EEEE
F: 4000
checking .7E7E with:
.7E7E
0: 3000
07E7E
1: 3000
17E7E
2: 3000
27E7E
3: 3000
37E7E
4: 3000
47E7E
5: 3000
57E7E
6: 3000
67E7E
7: 5000
77E7E
8: 3000
87E7E
9: 3000
97E7E
B: 3000
B7E7E
D: 3000
D7E7E
E: 5000
E7E7E
F: 3000
checking 853F. with:
853F.
0: 1000
853F0
1: 1000
853F1
2: 1000
853F2
3: 2000
853F3
4: 1000
853F4
5: 2000
853F5
6: 1000
853F6
7: 1000
853F7
8: 2000
853F8
9: 1000
853F9
B: 1000
853FB
D: 1000
853FD
E: 1000
853FE
F: 2000
checking 9.EEE with:
9.EEE
0: 4000
90EEE
1: 4000
91EEE
2: 4000
92EEE
3: 4000
93EEE
4: 4000
94EEE
5: 4000
95EEE
6: 4000
96EEE
7: 4000
97EEE
8: 4000
98EEE
9: 5000
99EEE
B: 4000
9BEEE
D: 4000
9DEEE
E: 6000
9EEEE
F: 4000
checking .F6F9 with:
.F6F9
0: 2000
0F6F9
1: 2000
1F6F9
2: 2000
2F6F9
3: 2000
3F6F9
4: 2000
4F6F9
5: 2000
5F6F9
6: 3000
6F6F9
7: 2000
7F6F9
8: 2000
8F6F9
9: 3000
9F6F9
B: 2000
BF6F9
D: 2000
DF6F9
E: 2000
EF6F9
F: 4000
checking 2833. with:
2833.
0: 2000
28330
1: 2000
28331
2: 3000
28332
3: 4000
28333
4: 2000
28334
5: 2000
28335
6: 2000
28336
7: 2000
28337
8: 3000
28338
9: 2000
28339
B: 2000
2833B
D: 2000
2833D
E: 2000
2833E
F: 2000
checking 2783. with:
2783.
0: 1000
27830
1: 1000
27831
2: 2000
27832
3: 2000
27833
4: 1000
27834
5: 1000
27835
6: 1000
27836
7: 2000
27837
8: 2000
27838
9: 1000
27839
B: 1000
2783B
D: 1000
2783D
E: 1000
2783E
F: 1000
checking B6.F5 with:
B6.F5
0: 1000
B60F5
1: 1000
B61F5
2: 1000
B62F5
3: 1000
B63F5
4: 1000
B64F5
5: 2000
B65F5
6: 2000
B66F5
7: 1000
B67F5
8: 1000
B68F5
9: 1000
B69F5
B: 2000
B6BF5
D: 1000
B6DF5
E: 1000
B6EF5
F: 2000
checking .F9E8 with:
.F9E8
0: 1000
0F9E8
1: 1000
1F9E8
2: 1000
2F9E8
3: 1000
3F9E8
4: 1000
4F9E8
5: 1000
5F9E8
6: 1000
6F9E8
7: 1000
7F9E8
8: 2000
8F9E8
9: 2000
9F9E8
B: 1000
BF9E8
D: 1000
DF9E8
E: 2000
EF9E8
F: 2000
checking 5.6D4 with:
5.6D4
0: 1000
506D4
1: 1000
516D4
2: 1000
526D4
3: 1000
536D4
4: 2000
546D4
5: 2000
556D4
6: 2000
566D4
7: 1000
576D4
8: 1000
586D4
9: 1000
596D4
B: 1000
5B6D4
D: 2000
5D6D4
E: 1000
5E6D4
F: 1000
checking ..56. with:
..56.
0: 4000
00560
1: 4000
11561
2: 4000
22562
3: 4000
33563
4: 4000
44564
5: 6000
55565
6: 6000
66566
7: 4000
77567
8: 4000
88568
9: 4000
99569
B: 4000
BB56B
D: 4000
DD56D
E: 4000
EE56E
F: 4000
checking 4.F44 with:
4.F44
0: 4000
40F44
1: 4000
41F44
2: 4000
42F44
3: 4000
43F44
4: 6000
44F44
5: 4000
45F44
6: 4000
46F44
7: 4000
47F44
8: 4000
48F44
9: 4000
49F44
B: 4000
4BF44
D: 4000
4DF44
E: 4000
4EF44
F: 5000
checking 4E.EB with:
4E.EB
0: 2000
4E0EB
1: 2000
4E1EB
2: 2000
4E2EB
3: 2000
4E3EB
4: 3000
4E4EB
5: 2000
4E5EB
6: 2000
4E6EB
7: 2000
4E7EB
8: 2000
4E8EB
9: 2000
4E9EB
B: 3000
4EBEB
D: 2000
4EDEB
E: 4000
4EEEB
F: 2000
checking 6EBD. with:
6EBD.
0: 1000
6EBD0
1: 1000
6EBD1
2: 1000
6EBD2
3: 1000
6EBD3
4: 1000
6EBD4
5: 1000
6EBD5
6: 2000
6EBD6
7: 1000
6EBD7
8: 1000
6EBD8
9: 1000
6EBD9
B: 2000
6EBDB
D: 2000
6EBDD
E: 2000
6EBDE
F: 1000
checking 9BB.4 with:
9BB.4
0: 2000
9BB04
1: 2000
9BB14
2: 2000
9BB24
3: 2000
9BB34
4: 3000
9BB44
5: 2000
9BB54
6: 2000
9BB64
7: 2000
9BB74
8: 2000
9BB84
9: 3000
9BB94
B: 4000
9BBB4
D: 2000
9BBD4
E: 2000
9BBE4
F: 2000
checking .B.36 with:
.B.36
0: 2000
0B036
1: 2000
1B136
2: 2000
2B236
3: 4000
3B336
4: 2000
4B436
5: 2000
5B536
6: 4000
6B636
7: 2000
7B736
8: 2000
8B836
9: 2000
9B936
B: 4000
BBB36
D: 2000
DBD36
E: 2000
EBE36
F: 2000
checking F8F.7 with:
F8F.7
0: 2000
F8F07
1: 2000
F8F17
2: 2000
F8F27
3: 2000
F8F37
4: 2000
F8F47
5: 2000
F8F57
6: 2000
F8F67
7: 3000
F8F77
8: 3000
F8F87
9: 2000
F8F97
B: 2000
F8FB7
D: 2000
F8FD7
E: 2000
F8FE7
F: 4000
checking 5599. with:
5599.
0: 3000
55990
1: 3000
55991
2: 3000
55992
3: 3000
55993
4: 3000
55994
5: 5000
55995
6: 3000
55996
7: 3000
55997
8: 3000
55998
9: 5000
55999
B: 3000
5599B
D: 3000
5599D
E: 3000
5599E
F: 3000
checking FB8.F with:
FB8.F
0: 2000
FB80F
1: 2000
FB81F
2: 2000
FB82F
3: 2000
FB83F
4: 2000
FB84F
5: 2000
FB85F
6: 2000
FB86F
7: 2000
FB87F
8: 3000
FB88F
9: 2000
FB89F
B: 3000
FB8BF
D: 2000
FB8DF
E: 2000
FB8EF
F: 4000
checking 3.3B3 with:
3.3B3
0: 4000
303B3
1: 4000
313B3
2: 4000
323B3
3: 6000
333B3
4: 4000
343B3
5: 4000
353B3
6: 4000
363B3
7: 4000
373B3
8: 4000
383B3
9: 4000
393B3
B: 5000
3B3B3
D: 4000
3D3B3
E: 4000
3E3B3
F: 4000
checking .F552 with:
.F552
0: 2000
0F552
1: 2000
1F552
2: 3000
2F552
3: 2000
3F552
4: 2000
4F552
5: 4000
5F552
6: 2000
6F552
7: 2000
7F552
8: 2000
8F552
9: 2000
9F552
B: 2000
BF552
D: 2000
DF552
E: 2000
EF552
F: 3000
checking BB.BB with:
BB.BB
0: 6000
BB0BB
1: 6000
BB1BB
2: 6000
BB2BB
3: 6000
BB3BB
4: 6000
BB4BB
5: 6000
BB5BB
6: 6000
BB6BB
7: 6000
BB7BB
8: 6000
BB8BB
9: 6000
BB9BB
B: 7000
BBBBB
D: 6000
BBDBB
E: 6000
BBEBB
F: 6000
checking .F27E with:
.F27E
0: 1000
0F27E
1: 1000
1F27E
2: 2000
2F27E
3: 1000
3F27E
4: 1000
4F27E
5: 1000
5F27E
6: 1000
6F27E
7: 2000
7F27E
8: 1000
8F27E
9: 1000
9F27E
B: 1000
BF27E
D: 1000
DF27E
E: 2000
EF27E
F: 2000
checking 5.EE. with:
5.EE.
0: 3000
50EE0
1: 3000
51EE1
2: 3000
52EE2
3: 3000
53EE3
4: 3000
54EE4
5: 5000
55EE5
6: 3000
56EE6
7: 3000
57EE7
8: 3000
58EE8
9: 3000
59EE9
B: 3000
5BEEB
D: 3000
5DEED
E: 6000
5EEEE
F: 3000
checking 2998. with:
2998.
0: 2000
29980
1: 2000
29981
2: 3000
29982
3: 2000
29983
4: 2000
29984
5: 2000
29985
6: 2000
29986
7: 2000
29987
8: 3000
29988
9: 4000
29989
B: 2000
2998B
D: 2000
2998D
E: 2000
2998E
F: 2000
checking .3393 with:
.3393
0: 4000
03393
1: 4000
13393
2: 4000
23393
3: 6000
33393
4: 4000
43393
5: 4000
53393
6: 4000
63393
7: 4000
73393
8: 4000
83393
9: 5000
93393
B: 4000
B3393
D: 4000
D3393
E: 4000
E3393
F: 4000
checking 4B3E. with:
4B3E.
0: 1000
4B3E0
1: 1000
4B3E1
2: 1000
4B3E2
3: 2000
4B3E3
4: 2000
4B3E4
5: 1000
4B3E5
6: 1000
4B3E6
7: 1000
4B3E7
8: 1000
4B3E8
9: 1000
4B3E9
B: 2000
4B3EB
D: 1000
4B3ED
E: 2000
4B3EE
F: 1000
checking 35FB. with:
35FB.
0: 1000
35FB0
1: 1000
35FB1
2: 1000
35FB2
3: 2000
35FB3
4: 1000
35FB4
5: 2000
35FB5
6: 1000
35FB6
7: 1000
35FB7
8: 1000
35FB8
9: 1000
35FB9
B: 2000
35FBB
D: 1000
35FBD
E: 1000
35FBE
F: 2000
checking 9966. with:
9966.
0: 3000
99660
1: 3000
99661
2: 3000
99662
3: 3000
99663
4: 3000
99664
5: 3000
99665
6: 5000
99666
7: 3000
99667
8: 3000
99668
9: 5000
99669
B: 3000
9966B
D: 3000
9966D
E: 3000
9966E
F: 3000
checking 2.E74 with:
2.E74
0: 1000
20E74
1: 1000
21E74
2: 2000
22E74
3: 1000
23E74
4: 2000
24E74
5: 1000
25E74
6: 1000
26E74
7: 2000
27E74
8: 1000
28E74
9: 1000
29E74
B: 1000
2BE74
D: 1000
2DE74
E: 2000
2EE74
F: 1000
checking .B.94 with:
.B.94
0: 2000
0B094
1: 2000
1B194
2: 2000
2B294
3: 2000
3B394
4: 4000
4B494
5: 2000
5B594
6: 2000
6B694
7: 2000
7B794
8: 2000
8B894
9: 4000
9B994
B: 4000
BBB94
D: 2000
DBD94
E: 2000
EBE94
F: 2000
checking 766.B with:
766.B
0: 2000
7660B
1: 2000
7661B
2: 2000
7662B
3: 2000
7663B
4: 2000
7664B
5: 2000
7665B
6: 4000
7666B
7: 3000
7667B
8: 2000
7668B
9: 2000
7669B
B: 3000
766BB
D: 2000
766DB
E: 2000
766EB
F: 2000
checking F.DFF with:
F.DFF
0: 4000
F0DFF
1: 4000
F1DFF
2: 4000
F2DFF
3: 4000
F3DFF
4: 4000
F4DFF
5: 4000
F5DFF
6: 4000
F6DFF
7: 4000
F7DFF
8: 4000
F8DFF
9: 4000
F9DFF
B: 4000
FBDFF
D: 5000
FDDFF
E: 4000
FEDFF
F: 6000
checking .7567 with:
.7567
0: 2000
07567
1: 2000
17567
2: 2000
27567
3: 2000
37567
4: 2000
47567
5: 3000
57567
6: 3000
67567
7: 4000
77567
8: 2000
87567
9: 2000
97567
B: 2000
B7567
D: 2000
D7567
E: 2000
E7567
F: 2000
checking 333.3 with:
333.3
0: 6000
33303
1: 6000
33313
2: 6000
33323
3: 7000
33333
4: 6000
33343
5: 6000
33353
6: 6000
33363
7: 6000
33373
8: 6000
33383
9: 6000
33393
B: 6000
333B3
D: 6000
333D3
E: 6000
333E3
F: 6000
checking 8..B. with:
8..B.
0: 4000
800B0
1: 4000
811B1
2: 4000
822B2
3: 4000
833B3
4: 4000
844B4
5: 4000
855B5
6: 4000
866B6
7: 4000
877B7
8: 6000
888B8
9: 4000
899B9
B: 6000
8BBBB
D: 4000
8DDBD
E: 4000
8EEBE
F: 4000
checking .33D4 with:
.33D4
0: 2000
033D4
1: 2000
133D4
2: 2000
233D4
3: 4000
333D4
4: 3000
433D4
5: 2000
533D4
6: 2000
633D4
7: 2000
733D4
8: 2000
833D4
9: 2000
933D4
B: 2000
B33D4
D: 3000
D33D4
E: 2000
E33D4
F: 2000
checking .5886 with:
.5886
0: 2000
05886
1: 2000
15886
2: 2000
25886
3: 2000
35886
4: 2000
45886
5: 3000
55886
6: 3000
65886
7: 2000
75886
8: 4000
85886
9: 2000
95886
B: 2000
B5886
D: 2000
D5886
E: 2000
E5886
F: 2000
checking B.823 with:
B.823
0: 1000
B0823
1: 1000
B1823
2: 2000
B2823
3: 2000
B3823
4: 1000
B4823
5: 1000
B5823
6: 1000
B6823
7: 1000
B7823
8: 2000
B8823
9: 1000
B9823
B: 2000
BB823
D: 1000
BD823
E: 1000
BE823
F: 1000
checking 663.6 with:
663.6
0: 4000
66306
1: 4000
66316
2: 4000
66326
3: 5000
66336
4: 4000
66346
5: 4000
66356
6: 6000
66366
7: 4000
66376
8: 4000
66386
9: 4000
66396
B: 4000
663B6
D: 4000
663D6
E: 4000
663E6
F: 4000
checking 3BF.8 with:
3BF.8
0: 1000
3BF08
1: 1000
3BF18
2: 1000
3BF28
3: 2000
3BF38
4: 1000
3BF48
5: 1000
3BF58
6: 1000
3BF68
7: 1000
3BF78
8: 2000
3BF88
9: 1000
3BF98
B: 2000
3BFB8
D: 1000
3BFD8
E: 1000
3BFE8
F: 2000
checking E.66E with:
E.66E
0: 3000
E066E
1: 3000
E166E
2: 3000
E266E
3: 3000
E366E
4: 3000
E466E
5: 3000
E566E
6: 5000
E666E
7: 3000
E766E
8: 3000
E866E
9: 3000
E966E
B: 3000
EB66E
D: 3000
ED66E
E: 5000
EE66E
F: 3000
checking BFF.D with:
BFF.D
0: 2000
BFF0D
1: 2000
BFF1D
2: 2000
BFF2D
3: 2000
BFF3D
4: 2000
BFF4D
5: 2000
BFF5D
6: 2000
BFF6D
7: 2000
BFF7D
8: 2000
BFF8D
9: 2000
BFF9D
B: 3000
BFFBD
D: 3000
BFFDD
E: 2000
BFFED
F: 4000
checking F.766 with:
F.766
0: 2000
F0766
1: 2000
F1766
2: 2000
F2766
3: 2000
F3766
4: 2000
F4766
5: 2000
F5766
6: 4000
F6766
7: 3000
F7766
8: 2000
F8766
9: 2000
F9766
B: 2000
FB766
D: 2000
FD766
E: 2000
FE766
F: 3000
checking 26F9. with:
26F9.
0: 1000
26F90
1: 1000
26F91
2: 2000
26F92
3: 1000
26F93
4: 1000
26F94
5: 1000
26F95
6: 2000
26F96
7: 1000
26F97
8: 1000
26F98
9: 2000
26F99
B: 1000
26F9B
D: 1000
26F9D
E: 1000
26F9E
F: 2000
checking 2B.7F with:
2B.7F
0: 1000
2B07F
1: 1000
2B17F
2: 2000
2B27F
3: 1000
2B37F
4: 1000
2B47F
5: 1000
2B57F
6: 1000
2B67F
7: 2000
2B77F
8: 1000
2B87F
9: 1000
2B97F
B: 2000
2BB7F
D: 1000
2BD7F
E: 1000
2BE7F
F: 2000
checking DF3.B with:
DF3.B
0: 1000
DF30B
1: 1000
DF31B
2: 1000
DF32B
3: 2000
DF33B
4: 1000
DF34B
5: 1000
DF35B
6: 1000
DF36B
7: 1000
DF37B
8: 1000
DF38B
9: 1000
DF39B
B: 2000
DF3BB
D: 2000
DF3DB
E: 1000
DF3EB
F: 2000
checking 2522. with:
2522.
0: 4000
25220
1: 4000
25221
2: 6000
25222
3: 4000
25223
4: 4000
25224
5: 5000
25225
6: 4000
25226
7: 4000
25227
8: 4000
25228
9: 4000
25229
B: 4000
2522B
D: 4000
2522D
E: 4000
2522E
F: 4000
checking 7.797 with:
7.797
0: 4000
70797
1: 4000
71797
2: 4000
72797
3: 4000
73797
4: 4000
74797
5: 4000
75797
6: 4000
76797
7: 6000
77797
8: 4000
78797
9: 5000
79797
B: 4000
7B797
D: 4000
7D797
E: 4000
7E797
F: 4000
checking B2B.B with:
B2B.B
0: 4000
B2B0B
1: 4000
B2B1B
2: 5000
B2B2B
3: 4000
B2B3B
4: 4000
B2B4B
5: 4000
B2B5B
6: 4000
B2B6B
7: 4000
B2B7B
8: 4000
B2B8B
9: 4000
B2B9B
B: 6000
B2BBB
D: 4000
B2BDB
E: 4000
B2BEB
F: 4000
checking .45BE with:
.45BE
0: 1000
045BE
1: 1000
145BE
2: 1000
245BE
3: 1000
345BE
4: 2000
445BE
5: 2000
545BE
6: 1000
645BE
7: 1000
745BE
8: 1000
845BE
9: 1000
945BE
B: 2000
B45BE
D: 1000
D45BE
E: 2000
E45BE
F: 1000
checking 7777. with:
7777.
0: 6000
77770
1: 6000
77771
2: 6000
77772
3: 6000
77773
4: 6000
77774
5: 6000
77775
6: 6000
77776
7: 7000
77777
8: 6000
77778
9: 6000
77779
B: 6000
7777B
D: 6000
7777D
E: 6000
7777E
F: 6000
checking .D333 with:
.D333
0: 4000
0D333
1: 4000
1D333
2: 4000
2D333
3: 6000
3D333
4: 4000
4D333
5: 4000
5D333
6: 4000
6D333
7: 4000
7D333
8: 4000
8D333
9: 4000
9D333
B: 4000
BD333
D: 5000
DD333
E: 4000
ED333
F: 4000
checking FF2.2 with:
FF2.2
0: 3000
FF202
1: 3000
FF212
2: 5000
FF222
3: 3000
FF232
4: 3000
FF242
5: 3000
FF252
6: 3000
FF262
7: 3000
FF272
8: 3000
FF282
9: 3000
FF292
B: 3000
FF2B2
D: 3000
FF2D2
E: 3000
FF2E2
F: 5000
checking 7.676 with:
7.676
0: 3000
70676
1: 3000
71676
2: 3000
72676
3: 3000
73676
4: 3000
74676
5: 3000
75676
6: 5000
76676
7: 5000
77676
8: 3000
78676
9: 3000
79676
B: 3000
7B676
D: 3000
7D676
E: 3000
7E676
F: 3000
checking 6.6DD with:
6.6DD
0: 3000
606DD
1: 3000
616DD
2: 3000
626DD
3: 3000
636DD
4: 3000
646DD
5: 3000
656DD
6: 5000
666DD
7: 3000
676DD
8: 3000
686DD
9: 3000
696DD
B: 3000
6B6DD
D: 5000
6D6DD
E: 3000
6E6DD
F: 3000
checking 2D77. with:
2D77.
0: 2000
2D770
1: 2000
2D771
2: 3000
2D772
3: 2000
2D773
4: 2000
2D774
5: 2000
2D775
6: 2000
2D776
7: 4000
2D777
8: 2000
2D778
9: 2000
2D779
B: 2000
2D77B
D: 3000
2D77D
E: 2000
2D77E
F: 2000
checking 2.FDE with:
2.FDE
0: 1000
20FDE
1: 1000
21FDE
2: 2000
22FDE
3: 1000
23FDE
4: 1000
24FDE
5: 1000
25FDE
6: 1000
26FDE
7: 1000
27FDE
8: 1000
28FDE
9: 1000
29FDE
B: 1000
2BFDE
D: 2000
2DFDE
E: 2000
2EFDE
F: 2000
checking .B39B with:
.B39B
0: 2000
0B39B
1: 2000
1B39B
2: 2000
2B39B
3: 3000
3B39B
4: 2000
4B39B
5: 2000
5B39B
6: 2000
6B39B
7: 2000
7B39B
8: 2000
8B39B
9: 3000
9B39B
B: 4000
BB39B
D: 2000
DB39B
E: 2000
EB39B
F: 2000
checking .EBD7 with:
.EBD7
0: 1000
0EBD7
1: 1000
1EBD7
2: 1000
2EBD7
3: 1000
3EBD7
4: 1000
4EBD7
5: 1000
5EBD7
6: 1000
6EBD7
7: 2000
7EBD7
8: 1000
8EBD7
9: 1000
9EBD7
B: 2000
BEBD7
D: 2000
DEBD7
E: 2000
EEBD7
F: 1000
checking .D24. with:
.D24.
0: 2000
0D240
1: 2000
1D241
2: 4000
2D242
3: 2000
3D243
4: 4000
4D244
5: 2000
5D245
6: 2000
6D246
7: 2000
7D247
8: 2000
8D248
9: 2000
9D249
B: 2000
BD24B
D: 4000
DD24D
E: 2000
ED24E
F: 2000
checking 8E.8. with:
8E.8.
0: 3000
8E080
1: 3000
8E181
2: 3000
8E282
3: 3000
8E383
4: 3000
8E484
5: 3000
8E585
6: 3000
8E686
7: 3000
8E787
8: 6000
8E888
9: 3000
8E989
B: 3000
8EB8B
D: 3000
8ED8D
E: 5000
8EE8E
F: 3000
checking F9.43 with:
F9.43
0: 1000
F9043
1: 1000
F9143
2: 1000
F9243
3: 2000
F9343
4: 2000
F9443
5: 1000
F9543
6: 1000
F9643
7: 1000
F9743
8: 1000
F9843
9: 2000
F9943
B: 1000
F9B43
D: 1000
F9D43
E: 1000
F9E43
F: 2000
checking 4.4BB with:
4.4BB
0: 3000
404BB
1: 3000
414BB
2: 3000
424BB
3: 3000
434BB
4: 5000
444BB
5: 3000
454BB
6: 3000
464BB
7: 3000
474BB
8: 3000
484BB
9: 3000
494BB
B: 5000
4B4BB
D: 3000
4D4BB
E: 3000
4E4BB
F: 3000
checking E.73F with:
E.73F
0: 1000
E073F
1: 1000
E173F
2: 1000
E273F
3: 2000
E373F
4: 1000
E473F
5: 1000
E573F
6: 1000
E673F
7: 2000
E773F
8: 1000
E873F
9: 1000
E973F
B: 1000
EB73F
D: 1000
ED73F
E: 2000
EE73F
F: 2000
checking 8868. with:
8868.
0: 4000
88680
1: 4000
88681
2: 4000
88682
3: 4000
88683
4: 4000
88684
5: 4000
88685
6: 5000
88686
7: 4000
88687
8: 6000
88688
9: 4000
88689
B: 4000
8868B
D: 4000
8868D
E: 4000
8868E
F: 4000
checking 6F9.. with:
6F9..
0: 2000
6F900
1: 2000
6F911
2: 2000
6F922
3: 2000
6F933
4: 2000
6F944
5: 2000
6F955
6: 4000
6F966
7: 2000
6F977
8: 2000
6F988
9: 4000
6F999
B: 2000
6F9BB
D: 2000
6F9DD
E: 2000
6F9EE
F: 4000
checking .99ED with:
.99ED
0: 2000
099ED
1: 2000
199ED
2: 2000
299ED
3: 2000
399ED
4: 2000
499ED
5: 2000
599ED
6: 2000
699ED
7: 2000
799ED
8: 2000
899ED
9: 4000
999ED
B: 2000
B99ED
D: 3000
D99ED
E: 3000
E99ED
F: 2000
checking .9692 with:
.9692
0: 2000
09692
1: 2000
19692
2: 3000
29692
3: 2000
39692
4: 2000
49692
5: 2000
59692
6: 3000
69692
7: 2000
79692
8: 2000
89692
9: 4000
99692
B: 2000
B9692
D: 2000
D9692
E: 2000
E9692
F: 2000
checking 55..5 with:
55..5
0: 5000
55005
1: 5000
55115
2: 5000
55225
3: 5000
55335
4: 5000
55445
5: 7000
55555
6: 5000
55665
7: 5000
55775
8: 5000
55885
9: 5000
55995
B: 5000
55BB5
D: 5000
55DD5
E: 5000
55EE5
F: 5000
checking 2D2B. with:
2D2B.
0: 2000
2D2B0
1: 2000
2D2B1
2: 4000
2D2B2
3: 2000
2D2B3
4: 2000
2D2B4
5: 2000
2D2B5
6: 2000
2D2B6
7: 2000
2D2B7
8: 2000
2D2B8
9: 2000
2D2B9
B: 3000
2D2BB
D: 3000
2D2BD
E: 2000
2D2BE
F: 2000
checking 5555. with:
5555.
0: 6000
55550
1: 6000
55551
2: 6000
55552
3: 6000
55553
4: 6000
55554
5: 7000
55555
6: 6000
55556
7: 6000
55557
8: 6000
55558
9: 6000
55559
B: 6000
5555B
D: 6000
5555D
E: 6000
5555E
F: 6000
checking F4.F9 with:
F4.F9
0: 2000
F40F9
1: 2000
F41F9
2: 2000
F42F9
3: 2000
F43F9
4: 3000
F44F9
5: 2000
F45F9
6: 2000
F46F9
7: 2000
F47F9
8: 2000
F48F9
9: 3000
F49F9
B: 2000
F4BF9
D: 2000
F4DF9
E: 2000
F4EF9
F: 4000
checking 5FE.E with:
5FE.E
0: 2000
5FE0E
1: 2000
5FE1E
2: 2000
5FE2E
3: 2000
5FE3E
4: 2000
5FE4E
5: 3000
5FE5E
6: 2000
5FE6E
7: 2000
5FE7E
8: 2000
5FE8E
9: 2000
5FE9E
B: 2000
5FEBE
D: 2000
5FEDE
E: 4000
5FEEE
F: 3000
checking 789F. with:
789F.
0: 1000
789F0
1: 1000
789F1
2: 1000
789F2
3: 1000
789F3
4: 1000
789F4
5: 1000
789F5
6: 1000
789F6
7: 2000
789F7
8: 2000
789F8
9: 2000
789F9
B: 1000
789FB
D: 1000
789FD
E: 1000
789FE
F: 2000
checking ..8.. with:
..8..
0: 6000
00800
1: 6000
11811
2: 6000
22822
3: 6000
33833
4: 6000
44844
5: 6000
55855
6: 6000
66866
7: 6000
77877
8: 7000
88888
9: 6000
99899
B: 6000
BB8BB
D: 6000
DD8DD
E: 6000
EE8EE
F: 6000
checking 244D. with:
244D.
0: 2000
244D0
1: 2000
244D1
2: 3000
244D2
3: 2000
244D3
4: 4000
244D4
5: 2000
244D5
6: 2000
244D6
7: 2000
244D7
8: 2000
244D8
9: 2000
244D9
B: 2000
244DB
D: 3000
244DD
E: 2000
244DE
F: 2000
checking 99..9 with:
99..9
0: 5000
99009
1: 5000
99119
2: 5000
99229
3: 5000
99339
4: 5000
99449
5: 5000
99559
6: 5000
99669
7: 5000
99779
8: 5000
99889
9: 7000
99999
B: 5000
99BB9
D: 5000
99DD9
E: 5000
99EE9
F: 5000
checking .6646 with:
.6646
0: 4000
06646
1: 4000
16646
2: 4000
26646
3: 4000
36646
4: 5000
46646
5: 4000
56646
6: 6000
66646
7: 4000
76646
8: 4000
86646
9: 4000
96646
B: 4000
B6646
D: 4000
D6646
E: 4000
E6646
F: 4000
checking 4.4.B with:
4.4.B
0: 3000
4040B
1: 3000
4141B
2: 3000
4242B
3: 3000
4343B
4: 6000
4444B
5: 3000
4545B
6: 3000
4646B
7: 3000
4747B
8: 3000
4848B
9: 3000
4949B
B: 5000
4B4BB
D: 3000
4D4DB
E: 3000
4E4EB
F: 3000
checking 25D.F with:
25D.F
0: 1000
25D0F
1: 1000
25D1F
2: 2000
25D2F
3: 1000
25D3F
4: 1000
25D4F
5: 2000
25D5F
6: 1000
25D6F
7: 1000
25D7F
8: 1000
25D8F
9: 1000
25D9F
B: 1000
25DBF
D: 2000
25DDF
E: 1000
25DEF
F: 2000
checking 3.D83 with:
3.D83
0: 2000
30D83
1: 2000
31D83
2: 2000
32D83
3: 4000
33D83
4: 2000
34D83
5: 2000
35D83
6: 2000
36D83
7: 2000
37D83
8: 3000
38D83
9: 2000
39D83
B: 2000
3BD83
D: 3000
3DD83
E: 2000
3ED83
F: 2000
checking 8.E86 with:
8.E86
0: 2000
80E86
1: 2000
81E86
2: 2000
82E86
3: 2000
83E86
4: 2000
84E86
5: 2000
85E86
6: 3000
86E86
7: 2000
87E86
8: 4000
88E86
9: 2000
89E86
B: 2000
8BE86
D: 2000
8DE86
E: 3000
8EE86
F: 2000
checking 8..88 with:
8..88
0: 5000
80088
1: 5000
81188
2: 5000
82288
3: 5000
83388
4: 5000
84488
5: 5000
85588
6: 5000
86688
7: 5000
87788
8: 7000
88888
9: 5000
89988
B: 5000
8BB88
D: 5000
8DD88
E: 5000
8EE88
F: 5000
checking .895D with:
.895D
0: 1000
0895D
1: 1000
1895D
2: 1000
2895D
3: 1000
3895D
4: 1000
4895D
5: 2000
5895D
6: 1000
6895D
7: 1000
7895D
8: 2000
8895D
9: 2000
9895D
B: 1000
B895D
D: 2000
D895D
E: 1000
E895D
F: 1000
checking BD.98 with:
BD.98
0: 1000
BD098
1: 1000
BD198
2: 1000
BD298
3: 1000
BD398
4: 1000
BD498
5: 1000
BD598
6: 1000
BD698
7: 1000
BD798
8: 2000
BD898
9: 2000
BD998
B: 2000
BDB98
D: 2000
BDD98
E: 1000
BDE98
F: 1000
checking 7E.4B with:
7E.4B
0: 1000
7E04B
1: 1000
7E14B
2: 1000
7E24B
3: 1000
7E34B
4: 2000
7E44B
5: 1000
7E54B
6: 1000
7E64B
7: 2000
7E74B
8: 1000
7E84B
9: 1000
7E94B
B: 2000
7EB4B
D: 1000
7ED4B
E: 2000
7EE4B
F: 1000
checking 5.BB. with:
5.BB.
0: 3000
50BB0
1: 3000
51BB1
2: 3000
52BB2
3: 3000
53BB3
4: 3000
54BB4
5: 5000
55BB5
6: 3000
56BB6
7: 3000
57BB7
8: 3000
58BB8
9: 3000
59BB9
B: 6000
5BBBB
D: 3000
5DBBD
E: 3000
5EBBE
F: 3000
checking ..EEE with:
..EEE
0: 5000
00EEE
1: 5000
11EEE
2: 5000
22EEE
3: 5000
33EEE
4: 5000
44EEE
5: 5000
55EEE
6: 5000
66EEE
7: 5000
77EEE
8: 5000
88EEE
9: 5000
99EEE
B: 5000
BBEEE
D: 5000
DDEEE
E: 7000
EEEEE
F: 5000
checking .DD6D with:
.DD6D
0: 4000
0DD6D
1: 4000
1DD6D
2: 4000
2DD6D
3: 4000
3DD6D
4: 4000
4DD6D
5: 4000
5DD6D
6: 5000
6DD6D
7: 4000
7DD6D
8: 4000
8DD6D
9: 4000
9DD6D
B: 4000
BDD6D
D: 6000
DDD6D
E: 4000
EDD6D
F: 4000
checking 89F.B with:
89F.B
0: 1000
89F0B
1: 1000
89F1B
2: 1000
89F2B
3: 1000
89F3B
4: 1000
89F4B
5: 1000
89F5B
6: 1000
89F6B
7: 1000
89F7B
8: 2000
89F8B
9: 2000
89F9B
B: 2000
89FBB
D: 1000
89FDB
E: 1000
89FEB
F: 2000
checking .33.3 with:
.33.3
0: 5000
03303
1: 5000
13313
2: 5000
23323
3: 7000
33333
4: 5000
43343
5: 5000
53353
6: 5000
63363
7: 5000
73373
8: 5000
83383
9: 5000
93393
B: 5000
B33B3
D: 5000
D33D3
E: 5000
E33E3
F: 5000
checking .F8E. with:
.F8E.
0: 2000
0F8E0
1: 2000
1F8E1
2: 2000
2F8E2
3: 2000
3F8E3
4: 2000
4F8E4
5: 2000
5F8E5
6: 2000
6F8E6
7: 2000
7F8E7
8: 4000
8F8E8
9: 2000
9F8E9
B: 2000
BF8EB
D: 2000
DF8ED
E: 4000
EF8EE
F: 4000
checking .2D85 with:
.2D85
0: 1000
02D85
1: 1000
12D85
2: 2000
22D85
3: 1000
32D85
4: 1000
42D85
5: 2000
52D85
6: 1000
62D85
7: 1000
72D85
8: 2000
82D85
9: 1000
92D85
B: 1000
B2D85
D: 2000
D2D85
E: 1000
E2D85
F: 1000
checking BDB.B with:
BDB.B
0: 4000
BDB0B
1: 4000
BDB1B
2: 4000
BDB2B
3: 4000
BDB3B
4: 4000
BDB4B
5: 4000
BDB5B
6: 4000
BDB6B
7: 4000
BDB7B
8: 4000
BDB8B
9: 4000
BDB9B
B: 6000
BDBBB
D: 5000
BDBDB
E: 4000
BDBEB
F: 4000
checking 5E.55 with:
5E.55
0: 4000
5E055
1: 4000
5E155
2: 4000
5E255
3: 4000
5E355
4: 4000
5E455
5: 6000
5E555
6: 4000
5E655
7: 4000
5E755
8: 4000
5E855
9: 4000
5E955
B: 4000
5EB55
D: 4000
5ED55
E: 5000
5EE55
F: 4000
checking .BB.B with:
.BB.B
0: 5000
0BB0B
1: 5000
1BB1B
2: 5000
2BB2B
3: 5000
3BB3B
4: 5000
4BB4B
5: 5000
5BB5B
6: 5000
6BB6B
7: 5000
7BB7B
8: 5000
8BB8B
9: 5000
9BB9B
B: 7000
BBBBB
D: 5000
DBBDB
E: 5000
EBBEB
F: 5000
checking 269.8 with:
269.8
0: 1000
26908
1: 1000
26918
2: 2000
26928
3: 1000
26938
4: 1000
26948
5: 1000
26958
6: 2000
26968
7: 1000
26978
8: 2000
26988
9: 2000
26998
B: 1000
269B8
D: 1000
269D8
E: 1000
269E8
F: 1000
checking E.D42 with:
E.D42
0: 1000
E0D42
1: 1000
E1D42
2: 2000
E2D42
3: 1000
E3D42
4: 2000
E4D42
5: 1000
E5D42
6: 1000
E6D42
7: 1000
E7D42
8: 1000
E8D42
9: 1000
E9D42
B: 1000
EBD42
D: 2000
EDD42
E: 2000
EED42
F: 1000
checking 62EF. with:
62EF.
0: 1000
62EF0
1: 1000
62EF1
2: 2000
62EF2
3: 1000
62EF3
4: 1000
62EF4
5: 1000
62EF5
6: 2000
62EF6
7: 1000
62EF7
8: 1000
62EF8
9: 1000
62EF9
B: 1000
62EFB
D: 1000
62EFD
E: 2000
62EFE
F: 2000
checking 2.BBD with:
2.BBD
0: 2000
20BBD
1: 2000
21BBD
2: 3000
22BBD
3: 2000
23BBD
4: 2000
24BBD
5: 2000
25BBD
6: 2000
26BBD
7: 2000
27BBD
8: 2000
28BBD
9: 2000
29BBD
B: 4000
2BBBD
D: 3000
2DBBD
E: 2000
2EBBD
F: 2000
checking F44.F with:
F44.F
0: 3000
F440F
1: 3000
F441F
2: 3000
F442F
3: 3000
F443F
4: 5000
F444F
5: 3000
F445F
6: 3000
F446F
7: 3000
F447F
8: 3000
F448F
9: 3000
F449F
B: 3000
F44BF
D: 3000
F44DF
E: 3000
F44EF
F: 5000
checking 4.5F6 with:
4.5F6
0: 1000
405F6
1: 1000
415F6
2: 1000
425F6
3: 1000
435F6
4: 2000
445F6
5: 2000
455F6
6: 2000
465F6
7: 1000
475F6
8: 1000
485F6
9: 1000
495F6
B: 1000
4B5F6
D: 1000
4D5F6
E: 1000
4E5F6
F: 2000
checking 88.88 with:
88.88
0: 6000
88088
1: 6000
88188
2: 6000
88288
3: 6000
88388
4: 6000
88488
5: 6000
88588
6: 6000
88688
7: 6000
88788
8: 7000
88888
9: 6000
88988
B: 6000
88B88
D: 6000
88D88
E: 6000
88E88
F: 6000
checking E22.2 with:
E22.2
0: 4000
E2202
1: 4000
E2212
2: 6000
E2222
3: 4000
E2232
4: 4000
E2242
5: 4000
E2252
6: 4000
E2262
7: 4000
E2272
8: 4000
E2282
9: 4000
E2292
B: 4000
E22B2
D: 4000
E22D2
E: 5000
E22E2
F: 4000
checking B78.9 with:
B78.9
0: 1000
B7809
1: 1000
B7819
2: 1000
B7829
3: 1000
B7839
4: 1000
B7849
5: 1000
B7859
6: 1000
B7869
7: 2000
B7879
8: 2000
B7889
9: 2000
B7899
B: 2000
B78B9
D: 1000
B78D9
E: 1000
B78E9
F: 1000
checking 4949. with:
4949.
0: 3000
49490
1: 3000
49491
2: 3000
49492
3: 3000
49493
4: 5000
49494
5: 3000
49495
6: 3000
49496
7: 3000
49497
8: 3000
49498
9: 5000
49499
B: 3000
4949B
D: 3000
4949D
E: 3000
4949E
F: 3000
checking 37.6B with:
37.6B
0: 1000
3706B
1: 1000
3716B
2: 1000
3726B
3: 2000
3736B
4: 1000
3746B
5: 1000
3756B
6: 2000
3766B
7: 2000
3776B
8: 1000
3786B
9: 1000
3796B
B: 2000
37B6B
D: 1000
37D6B
E: 1000
37E6B
F: 1000
checking 39.7F with:
39.7F
0: 1000
3907F
1: 1000
3917F
2: 1000
3927F
3: 2000
3937F
4: 1000
3947F
5: 1000
3957F
6: 1000
3967F
7: 2000
3977F
8: 1000
3987F
9: 2000
3997F
B: 1000
39B7F
D: 1000
39D7F
E: 1000
39E7F
F: 2000
checking ..99. with:
..99.
0: 5000
00990
1: 5000
11991
2: 5000
22992
3: 5000
33993
4: 5000
44994
5: 5000
55995
6: 5000
66996
7: 5000
77997
8: 5000
88998
9: 7000
99999
B: 5000
BB99B
D: 5000
DD99D
E: 5000
EE99E
F: 5000
1: 711 | 237T5 | 1000
2: 432 | 23KQ6 | 1000
3: 521 | 245QK | 1000
4: 752 | 27865 | 1000
5: 827 | 278A3 | 1000
6: 94 | 2QKT5 | 1000
7: 673 | 32568 | 1000
8: 587 | 32T9A | 1000
9: 757 | 34T9Q | 1000
10: 355 | 37T2A | 1000
11: 431 | 38KA5 | 1000
12: 63 | 3TQ4A | 1000
13: 370 | 3Q294 | 1000
14: 185 | 3Q489 | 1000
15: 904 | 3Q869 | 1000
16: 760 | 3QK24 | 1000
17: 103 | 3K2AQ | 1000
18: 433 | 3K6Q7 | 1000
19: 224 | 3KA7Q | 1000
20: 633 | 3A746 | 1000
21: 896 | 42KT7 | 1000
22: 922 | 43895 | 1000
23: 317 | 45296 | 1000
24: 670 | 4567T | 1000
25: 934 | 46589 | 1000
26: 981 | 46Q75 | 1000
27: 799 | 47958 | 1000
28: 101 | 4T29Q | 1000
29: 550 | 4KQ5A | 1000
30: 445 | 4A72T | 1000
31: 344 | 529A3 | 1000
32: 971 | 5746A | 1000
33: 643 | 58642 | 1000
34: 369 | 589A4 | 1000
35: 53 | 59T28 | 1000
36: 69 | 59Q3T | 1000
37: 352 | 5T83K | 1000
38: 692 | 5A3QK | 1000
39: 814 | 5A837 | 1000
40: 285 | 5A87T | 1000
41: 862 | 6257Q | 1000
42: 272 | 63529 | 1000
43: 990 | 63TQ7 | 1000
44: 966 | 64293 | 1000
45: 382 | 64TA9 | 1000
46: 678 | 684KT | 1000
47: 570 | 687Q3 | 1000
48: 867 | 68A2K | 1000
49: 201 | 69A35 | 1000
50: 280 | 69A5K | 1000
51: 778 | 6K4QA | 1000
52: 739 | 6A3T8 | 1000
53: 435 | 6A9T3 | 1000
54: 276 | 6AT23 | 1000
55: 278 | 6AQT9 | 1000
56: 727 | 6AK27 | 1000
57: 106 | 72A68 | 1000
58: 943 | 738K9 | 1000
59: 924 | 743KT | 1000
60: 253 | 74AK2 | 1000
61: 195 | 78T53 | 1000
62: 770 | 78K69 | 1000
63: 389 | 795TQ | 1000
64: 40 | 7T264 | 1000
65: 443 | 7K93A | 1000
66: 456 | 7KQ53 | 1000
67: 142 | 7KA83 | 1000
68: 368 | 7A965 | 1000
69: 825 | 82593 | 1000
70: 905 | 8632Q | 1000
71: 303 | 8634T | 1000
72: 197 | 8637A | 1000
73: 628 | 86T5A | 1000
74: 768 | 89K46 | 1000
75: 415 | 8TA4Q | 1000
76: 233 | 8K56T | 1000
77: 119 | 8A345 | 1000
78: 217 | 92438 | 1000
79: 181 | 92T8Q | 1000
80: 889 | 92KQ5 | 1000
81: 41 | 965T3 | 1000
82: 552 | 96Q4T | 1000
83: 638 | 9T374 | 1000
84: 49 | 9T874 | 1000
85: 826 | 9TK4A | 1000
86: 55 | 9Q637 | 1000
87: 312 | 9QAK8 | 1000
88: 228 | 9K437 | 1000
89: 390 | 9K482 | 1000
90: 828 | 9A357 | 1000
91: 583 | T2847 | 1000
92: 198 | T4A32 | 1000
93: 994 | T7QK9 | 1000
94: 833 | T7K5Q | 1000
95: 683 | T856Q | 1000
96: 969 | T87KQ | 1000
97: 364 | T9K27 | 1000
98: 841 | TK23A | 1000
99: 884 | TK637 | 1000
100: 556 | TK68Q | 1000
101: 290 | TK725 | 1000
102: 460 | Q24T8 | 1000
103: 227 | Q2534 | 1000
104: 687 | Q32T4 | 1000
105: 920 | Q4593 | 1000
106: 438 | Q5347 | 1000
107: 838 | Q594A | 1000
108: 29 | Q6A7T | 1000
109: 381 | Q7T38 | 1000
110: 975 | Q98TK | 1000
111: 496 | Q9T47 | 1000
112: 864 | QT4K5 | 1000
113: 767 | QT896 | 1000
114: 479 | K38Q6 | 1000
115: 693 | K398T | 1000
116: 690 | K43Q9 | 1000
117: 766 | K4867 | 1000
118: 216 | K5978 | 1000
119: 839 | K5A64 | 1000
120: 384 | K634T | 1000
121: 318 | K7843 | 1000
122: 765 | K8427 | 1000
123: 777 | K859Q | 1000
124: 807 | K8TA4 | 1000
125: 157 | K976T | 1000
126: 575 | KT26Q | 1000
127: 576 | KT63A | 1000
128: 362 | KQ49A | 1000
129: 893 | A23QT | 1000
130: 639 | A4635 | 1000
131: 866 | A4938 | 1000
132: 166 | A5Q4T | 1000
133: 909 | A692K | 1000
134: 92 | A75KQ | 1000
135: 879 | A872Q | 1000
136: 560 | AT2Q4 | 1000
137: 17 | AQ379 | 1000
138: 194 | AK685 | 1000
139: 813 | J2Q85 | 2000
140: 168 | J45TK | 2000
141: 307 | J4TKQ | 2000
142: 13 | J5892 | 2000
143: 785 | J7482 | 2000
144: 973 | J895Q | 2000
145: 192 | J9734 | 2000
146: 908 | JKTQ7 | 2000
147: 451 | JA27K | 2000
148: 860 | JA9K8 | 2000
149: 520 | JATQ6 | 2000
150: 854 | 2J834 | 2000
151: 906 | 2JK74 | 2000
152: 537 | 2JAQK | 2000
153: 892 | 23585 | 2000
154: 798 | 23K43 | 2000
155: 946 | 25QJA | 2000
156: 996 | 264AJ | 2000
157: 512 | 269J8 | 2000
158: 635 | 26A9J | 2000
159: 528 | 27426 | 2000
160: 243 | 2783J | 2000
161: 429 | 27962 | 2000
162: 695 | 2944Q | 2000
163: 229 | 2TJ7A | 2000
164: 850 | 2T68T | 2000
165: 523 | 2Q3A3 | 2000
166: 832 | 2K7A7 | 2000
167: 510 | 2A2Q7 | 2000
168: 81 | 2A33K | 2000
169: 641 | 3J748 | 2000
170: 38 | 3JT48 | 2000
171: 531 | 33745 | 2000
172: 289 | 35ATJ | 2000
173: 378 | 3669A | 2000
174: 897 | 37J6T | 2000
175: 858 | 39J7A | 2000
176: 953 | 39Q37 | 2000
177: 488 | 3T5J6 | 2000
178: 26 | 3TAJ8 | 2000
179: 911 | 3QT37 | 2000
180: 316 | 3K98K | 2000
181: 654 | 3A62J | 2000
182: 754 | 4J5A6 | 2000
183: 620 | 4J829 | 2000
184: 640 | 422A3 | 2000
185: 696 | 42374 | 2000
186: 562 | 42Q55 | 2000
187: 356 | 4388T | 2000
188: 554 | 44356 | 2000
189: 493 | 443TK | 2000
190: 115 | 44623 | 2000
191: 207 | 45Q34 | 2000
192: 98 | 46754 | 2000
193: 120 | 4922K | 2000
194: 343 | 4T2T3 | 2000
195: 417 | 4T3KJ | 2000
196: 874 | 4Q8TT | 2000
197: 625 | 4QT43 | 2000
198: 52 | 4QKT4 | 2000
199: 238 | 4K5T4 | 2000
200: 212 | 4K72K | 2000
201: 495 | 4K74T | 2000
202: 713 | 4K7K8 | 2000
203: 18 | 4A797 | 2000
204: 950 | 4A7QJ | 2000
205: 58 | 4A8AQ | 2000
206: 406 | 4A969 | 2000
207: 239 | 4ATA2 | 2000
208: 698 | 5J6Q4 | 2000
209: 255 | 5J924 | 2000
210: 414 | 5JT82 | 2000
211: 878 | 5357T | 2000
212: 297 | 55298 | 2000
213: 248 | 55367 | 2000
214: 506 | 567JT | 2000
215: 263 | 56TQT | 2000
216: 60 | 57TTK | 2000
217: 310 | 59J2Q | 2000
218: 32 | 59K7J | 2000
219: 820 | 5T37T | 2000
220: 852 | 5T4T3 | 2000
221: 444 | 5Q23Q | 2000
222: 642 | 5K477 | 2000
223: 723 | 5KQ88 | 2000
224: 644 | 5KA52 | 2000
225: 430 | 5KA56 | 2000
226: 918 | 6J524 | 2000
227: 907 | 62KAJ | 2000
228: 848 | 6326T | 2000
229: 436 | 639KK | 2000
230: 292 | 65523 | 2000
231: 598 | 67Q57 | 2000
232: 731 | 6826K | 2000
233: 221 | 69943 | 2000
234: 984 | 6T769 | 2000
235: 164 | 6Q595 | 2000
236: 917 | 6Q877 | 2000
237: 840 | 6KTQJ | 2000
238: 386 | 6AQ65 | 2000
239: 699 | 7J68K | 2000
240: 657 | 7JT29 | 2000
241: 634 | 7224Q | 2000
242: 847 | 736QQ | 2000
243: 519 | 739Q9 | 2000
244: 117 | 73AT7 | 2000
245: 434 | 75J8A | 2000
246: 718 | 75JA9 | 2000
247: 637 | 757T6 | 2000
248: 808 | 75T5A | 2000
249: 461 | 76J94 | 2000
250: 162 | 76357 | 2000
251: 694 | 76695 | 2000
252: 791 | 76784 | 2000
253: 473 | 76875 | 2000
254: 284 | 768TJ | 2000
255: 932 | 77KA3 | 2000
256: 921 | 789AJ | 2000
257: 331 | 78Q37 | 2000
258: 571 | 79475 | 2000
259: 611 | 79K87 | 2000
260: 787 | 7T292 | 2000
261: 480 | 7KJ4T | 2000
262: 529 | 7A3TA | 2000
263: 66 | 7AKK5 | 2000
264: 277 | 7AKA9 | 2000
265: 365 | 7AA25 | 2000
266: 15 | 848TK | 2000
267: 830 | 853AJ | 2000
268: 746 | 85A38 | 2000
269: 450 | 87J53 | 2000
270: 202 | 882TA | 2000
271: 524 | 882K3 | 2000
272: 242 | 8894T | 2000
273: 454 | 8995Q | 2000
274: 809 | 89AJT | 2000
275: 868 | 8T4Q4 | 2000
276: 83 | 8AJ7Q | 2000
277: 492 | 9J758 | 2000
278: 12 | 9JK25 | 2000
279: 686 | 92J78 | 2000
280: 463 | 93J78 | 2000
281: 995 | 93226 | 2000
282: 941 | 946K9 | 2000
283: 315 | 95439 | 2000
284: 559 | 98656 | 2000
285: 662 | 99AQ5 | 2000
286: 47 | 9T954 | 2000
287: 108 | 9Q398 | 2000
288: 471 | 9Q5QK | 2000
289: 516 | 9K474 | 2000
290: 131 | 9A338 | 2000
291: 861 | TJ823 | 2000
292: 656 | T3J47 | 2000
293: 85 | T3T7Q | 2000
294: 249 | T494K | 2000
295: 213 | T5QQ3 | 2000
296: 543 | T6JA5 | 2000
297: 623 | T69T5 | 2000
298: 608 | T6QQ5 | 2000
299: 979 | T7279 | 2000
300: 353 | T78J9 | 2000
301: 998 | T8JK5 | 2000
302: 71 | T8QT2 | 2000
303: 566 | T9577 | 2000
304: 133 | T9878 | 2000
305: 758 | TQJ3K | 2000
306: 351 | TQJ98 | 2000
307: 321 | TQ5J2 | 2000
308: 367 | TQ7KT | 2000
309: 14 | TQQ48 | 2000
310: 927 | TQQ7A | 2000
311: 420 | TA5KA | 2000
312: 43 | TA887 | 2000
313: 474 | Q2425 | 2000
314: 605 | Q3389 | 2000
315: 20 | Q42A4 | 2000
316: 80 | Q45A4 | 2000
317: 865 | Q4866 | 2000
318: 720 | Q5T99 | 2000
319: 179 | Q63KQ | 2000
320: 418 | Q794J | 2000
321: 122 | Q8332 | 2000
322: 704 | Q8992 | 2000
323: 110 | QT8J3 | 2000
324: 964 | QQ5TA | 2000
325: 262 | QQ9A5 | 2000
326: 214 | QA3JT | 2000
327: 755 | KJ72T | 2000
328: 319 | KJ73A | 2000
329: 455 | KJQ42 | 2000
330: 774 | K2A2T | 2000
331: 175 | K63Q3 | 2000
332: 458 | K7276 | 2000
333: 135 | K8A89 | 2000
334: 886 | K9T3T | 2000
335: 558 | K9K4Q | 2000
336: 709 | KT57K | 2000
337: 915 | KT77A | 2000
338: 747 | KTA7K | 2000
339: 726 | KQ565 | 2000
340: 88 | KQK85 | 2000
341: 793 | KK573 | 2000
342: 604 | KA383 | 2000
343: 764 | AJT9Q | 2000
344: 564 | A25A6 | 2000
345: 146 | A327A | 2000
346: 375 | A343Q | 2000
347: 183 | A428J | 2000
348: 453 | A49J7 | 2000
349: 190 | A5422 | 2000
350: 786 | A7A62 | 2000
351: 225 | A8373 | 2000
352: 8 | A8996 | 2000
353: 425 | A9J43 | 2000
354: 631 | A9AQ5 | 2000
355: 530 | AT72T | 2000
356: 712 | AQQ76 | 2000
357: 5 | AQA83 | 2000
358: 621 | AKKQ7 | 2000
359: 655 | AA298 | 2000
360: 413 | AA47Q | 2000
361: 151 | AA592 | 2000
362: 936 | AA7KT | 2000
363: 960 | 22545 | 3000
364: 674 | 22779 | 3000
365: 154 | 22ATT | 3000
366: 829 | 23273 | 3000
367: 68 | 288Q2 | 3000
368: 118 | 2TQT2 | 3000
369: 322 | 2K2KT | 3000
370: 624 | 33424 | 3000
371: 794 | 33898 | 3000
372: 10 | 36T6T | 3000
373: 500 | 373A7 | 3000
374: 499 | 37883 | 3000
375: 823 | 37Q7Q | 3000
376: 842 | 39377 | 3000
377: 607 | 3TT37 | 3000
378: 668 | 3Q3TQ | 3000
379: 138 | 3K366 | 3000
380: 753 | 3K63K | 3000
381: 763 | 3KT3K | 3000
382: 339 | 3KK55 | 3000
383: 992 | 42K2K | 3000
384: 266 | 43664 | 3000
385: 931 | 43939 | 3000
386: 231 | 44227 | 3000
387: 676 | 44Q9Q | 3000
388: 689 | 48843 | 3000
389: 84 | 4QQ4K | 3000
390: 547 | 4K4TT | 3000
391: 107 | 4K4TK | 3000
392: 610 | 4AA88 | 3000
393: 717 | 5252K | 3000
394: 885 | 53435 | 3000
395: 428 | 55K66 | 3000
396: 42 | 55AQQ | 3000
397: 930 | 55AAK | 3000
398: 594 | 57272 | 3000
399: 334 | 59549 | 3000
400: 913 | 599QQ | 3000
401: 148 | 5T57T | 3000
402: 504 | 5T5T8 | 3000
403: 330 | 5TT33 | 3000
404: 609 | 5TTQ5 | 3000
405: 273 | 5AA59 | 3000
406: 268 | 62276 | 3000
407: 203 | 62426 | 3000
408: 585 | 6262A | 3000
409: 182 | 64TT6 | 3000
410: 91 | 656KK | 3000
411: 478 | 66993 | 3000
412: 340 | 66Q9Q | 3000
413: 170 | 66K88 | 3000
414: 916 | 66ATT | 3000
415: 51 | 67765 | 3000
416: 688 | 6TQTQ | 3000
417: 4 | 6QQ64 | 3000
418: 44 | 6KK46 | 3000
419: 354 | 73878 | 3000
420: 919 | 73979 | 3000
421: 19 | 73A3A | 3000
422: 457 | 74574 | 3000
423: 982 | 75885 | 3000
424: 527 | 75AA5 | 3000
425: 837 | 77TT6 | 3000
426: 348 | 79279 | 3000
427: 163 | 797K9 | 3000
428: 147 | 79987 | 3000
429: 206 | 85458 | 3000
430: 498 | 88223 | 3000
431: 397 | 8822K | 3000
432: 645 | 88577 | 3000
433: 3 | 89895 | 3000
434: 963 | 8Q28Q | 3000
435: 246 | 8A5A8 | 3000
436: 672 | 8AT8A | 3000
437: 599 | 92295 | 3000
438: 503 | 92332 | 3000
439: 980 | 92988 | 3000
440: 883 | 93329 | 3000
441: 515 | 94K4K | 3000
442: 590 | 955K9 | 3000
443: 600 | 97497 | 3000
444: 490 | 98Q9Q | 3000
445: 64 | 99QKQ | 3000
446: 945 | 9TT92 | 3000
447: 834 | 9K9AA | 3000
448: 534 | T42T4 | 3000
449: 967 | T52T2 | 3000
450: 796 | T5599 | 3000
451: 724 | T5T45 | 3000
452: 856 | T5A5T | 3000
453: 37 | T7T44 | 3000
454: 409 | TTKK8 | 3000
455: 136 | TQ3TQ | 3000
456: 650 | TK22T | 3000
457: 439 | TK77T | 3000
458: 603 | TAT8A | 3000
459: 385 | Q2727 | 3000
460: 401 | Q2Q62 | 3000
461: 821 | Q3T3T | 3000
462: 666 | Q55AA | 3000
463: 65 | Q6688 | 3000
464: 991 | Q66TT | 3000
465: 873 | Q9977 | 3000
466: 395 | K25K5 | 3000
467: 551 | KQKQT | 3000
468: 533 | KK668 | 3000
469: 751 | KK899 | 3000
470: 789 | A232A | 3000
471: 359 | A4Q4A | 3000
472: 408 | A525A | 3000
473: 59 | A7799 | 3000
474: 572 | A7A37 | 3000
475: 511 | ATAKT | 3000
476: 400 | AKKAT | 3000
477: 302 | AA323 | 3000
478: 371 | JJ73K | 4000
479: 218 | JJAT3 | 4000
480: 275 | J2K55 | 4000
481: 398 | J33Q4 | 4000
482: 738 | J3AJ5 | 4000
483: 824 | J42KJ | 4000
484: 165 | J4459 | 4000
485: 844 | J4KA4 | 4000
486: 140 | J5886 | 4000
487: 619 | J5TJ8 | 4000
488: 204 | J6356 | 4000
489: 274 | J6T65 | 4000
490: 283 | J7567 | 4000
491: 700 | J8Q44 | 4000
492: 309 | J8Q99 | 4000
493: 596 | J9JQA | 4000
494: 810 | J95KK | 4000
495: 258 | J9692 | 4000
496: 161 | J99KQ | 4000
497: 818 | JTJ36 | 4000
498: 306 | JTJ94 | 4000
499: 424 | JT39T | 4000
500: 819 | JT565 | 4000
501: 582 | JTA9T | 4000
502: 153 | JQ24J | 4000
503: 256 | JQ98Q | 4000
504: 323 | JQ9T9 | 4000
505: 345 | JQK9K | 4000
506: 722 | JK494 | 4000
507: 377 | JA552 | 4000
508: 540 | JA6A9 | 4000
509: 21 | JA8KJ | 4000
510: 618 | JAA93 | 4000
511: 380 | 2JTTQ | 4000
512: 293 | 22246 | 4000
513: 97 | 22327 | 4000
514: 388 | 232J4 | 4000
515: 733 | 244QJ | 4000
516: 714 | 27226 | 4000
517: 291 | 27QQQ | 4000
518: 667 | 2833J | 4000
519: 169 | 29242 | 4000
520: 465 | 2998J | 4000
521: 327 | 2T6TT | 4000
522: 208 | 2Q2TJ | 4000
523: 509 | 2Q77J | 4000
524: 270 | 2QQQ9 | 4000
525: 259 | 2K322 | 4000
526: 591 | 3JQ83 | 4000
527: 152 | 3JKJ4 | 4000
528: 929 | 332T3 | 4000
529: 626 | 33K37 | 4000
530: 396 | 35Q33 | 4000
531: 366 | 36JJQ | 4000
532: 123 | 36233 | 4000
533: 350 | 36353 | 4000
534: 476 | 39336 | 4000
535: 405 | 393Q3 | 4000
536: 501 | 393K3 | 4000
537: 812 | 3T2J3 | 4000
538: 452 | 3T337 | 4000
539: 149 | 3TQJT | 4000
540: 472 | 3Q373 | 4000
541: 875 | 3K343 | 4000
542: 574 | 3KKK6 | 4000
543: 483 | 4J482 | 4000
544: 882 | 42944 | 4000
545: 542 | 444AT | 4000
546: 180 | 44643 | 4000
547: 816 | 4474T | 4000
548: 30 | 47772 | 4000
549: 597 | 47KKK | 4000
550: 128 | 48442 | 4000
551: 230 | 4888K | 4000
552: 139 | 4TTJK | 4000
553: 301 | 4TQTT | 4000
554: 646 | 4KJKT | 4000
555: 881 | 4K44Q | 4000
556: 23 | 4A6AA | 4000
557: 732 | 5J25T | 4000
558: 387 | 5J662 | 4000
559: 910 | 53JAA | 4000
560: 569 | 57377 | 4000
561: 111 | 57525 | 4000
562: 391 | 599Q9 | 4000
563: 209 | 5T525 | 4000
564: 800 | 5T5KJ | 4000
565: 663 | 5T9TT | 4000
566: 648 | 5TTT2 | 4000
567: 517 | 5KK7K | 4000
568: 215 | 5AKJK | 4000
569: 485 | 6J496 | 4000
570: 160 | 6JT6A | 4000
571: 584 | 6366T | 4000
572: 324 | 6393J | 4000
573: 651 | 64J74 | 4000
574: 11 | 64448 | 4000
575: 664 | 6626A | 4000
576: 489 | 679J6 | 4000
577: 45 | 67Q66 | 4000
578: 99 | 68788 | 4000
579: 970 | 69JJQ | 4000
580: 999 | 6TKTT | 4000
581: 518 | 6Q444 | 4000
582: 449 | 6KJJQ | 4000
583: 721 | 6KAKK | 4000
584: 308 | 6A9JJ | 4000
585: 912 | 7222A | 4000
586: 792 | 74944 | 4000
587: 114 | 74977 | 4000
588: 423 | 766JT | 4000
589: 132 | 77679 | 4000
590: 171 | 77KJ6 | 4000
591: 223 | 789J8 | 4000
592: 126 | 78K88 | 4000
593: 900 | 7T6TT | 4000
594: 535 | 7Q977 | 4000
595: 685 | 7QQ6Q | 4000
596: 859 | 8J499 | 4000
597: 237 | 8J6AA | 4000
598: 622 | 8JK82 | 4000
599: 265 | 8JK86 | 4000
600: 548 | 8JKAA | 4000
601: 773 | 88J62 | 4000
602: 446 | 88863 | 4000
603: 156 | 888QA | 4000
604: 846 | 88T85 | 4000
605: 895 | 8T838 | 4000
606: 803 | 8T886 | 4000
607: 250 | 8Q838 | 4000
608: 77 | 8KKK7 | 4000
609: 150 | 8ATTT | 4000
610: 580 | 8AA7A | 4000
611: 95 | 92223 | 4000
612: 282 | 9297J | 4000
613: 955 | 9399T | 4000
614: 336 | 94464 | 4000
615: 109 | 9666Q | 4000
616: 675 | 977A7 | 4000
617: 781 | 98A88 | 4000
618: 34 | 99298 | 4000
619: 73 | 99693 | 4000
620: 680 | 99695 | 4000
621: 804 | 999A8 | 4000
622: 647 | 9T929 | 4000
623: 410 | 9TTJ4 | 4000
624: 363 | 9TT8T | 4000
625: 374 | 9Q3QQ | 4000
626: 247 | 9A8AA | 4000
627: 54 | TJTQ7 | 4000
628: 514 | TJAJ2 | 4000
629: 615 | T2242 | 4000
630: 632 | T2KJT | 4000
631: 851 | T4J8T | 4000
632: 815 | T4544 | 4000
633: 568 | T4T6T | 4000
634: 525 | T5557 | 4000
635: 486 | T9TJK | 4000
636: 341 | TTT87 | 4000
637: 997 | TTQT2 | 4000
638: 244 | TQJ88 | 4000
639: 745 | TQ4QQ | 4000
640: 257 | TKK9J | 4000
641: 677 | TAAJQ | 4000
642: 48 | QJ3TQ | 4000
643: 349 | QJ88A | 4000
644: 105 | QJQT9 | 4000
645: 532 | Q2JJ3 | 4000
646: 951 | Q2J6J | 4000
647: 335 | Q2AQJ | 4000
648: 129 | Q333K | 4000
649: 232 | Q49QQ | 4000
650: 627 | Q55J8 | 4000
651: 974 | Q5Q4Q | 4000
652: 505 | Q737J | 4000
653: 522 | Q76JJ | 4000
654: 28 | Q9899 | 4000
655: 790 | QTQQ7 | 4000
656: 926 | QQ6TQ | 4000
657: 811 | QQQ9K | 4000
658: 487 | K29JJ | 4000
659: 25 | K2K5K | 4000
660: 661 | K2KTK | 4000
661: 219 | K4JK3 | 4000
662: 894 | K4K2K | 4000
663: 437 | K5855 | 4000
664: 706 | K5955 | 4000
665: 442 | K6J22 | 4000
666: 440 | K666A | 4000
667: 741 | K999Q | 4000
668: 31 | KT6JT | 4000
669: 33 | KTK8J | 4000
670: 701 | KQQ2Q | 4000
671: 79 | KQKJ4 | 4000
672: 705 | KQK7K | 4000
673: 728 | KK2KQ | 4000
674: 719 | KK68K | 4000
675: 325 | KK69K | 4000
676: 313 | KK82K | 4000
677: 857 | KKA5K | 4000
678: 629 | AJ6K6 | 4000
679: 35 | AJ766 | 4000
680: 780 | AJTT3 | 4000
681: 944 | A3Q33 | 4000
682: 326 | A3AA2 | 4000
683: 134 | A4JA9 | 4000
684: 383 | A7JKA | 4000
685: 50 | A7377 | 4000
686: 72 | A7A3A | 4000
687: 184 | A888T | 4000
688: 193 | A8AJ7 | 4000
689: 93 | A8AAK | 4000
690: 62 | A9TJA | 4000
691: 222 | AT4TT | 4000
692: 961 | AT8JA | 4000
693: 563 | AT9AA | 4000
694: 346 | ATTT6 | 4000
695: 989 | AQAJ5 | 4000
696: 948 | AAKA7 | 4000
697: 902 | J5TT5 | 5000
698: 261 | J77QQ | 5000
699: 86 | J7K7K | 5000
700: 502 | JTT88 | 5000
701: 526 | JQKKQ | 5000
702: 67 | JA55A | 5000
703: 39 | JA8A8 | 5000
704: 606 | 2J882 | 5000
705: 759 | 222TT | 5000
706: 888 | 22323 | 5000
707: 783 | 22333 | 5000
708: 141 | 22442 | 5000
709: 986 | 22525 | 5000
710: 801 | 22626 | 5000
711: 372 | 22888 | 5000
712: 735 | 2299J | 5000
713: 665 | 27272 | 5000
714: 177 | 29992 | 5000
715: 702 | 2TTT2 | 5000
716: 956 | 33J99 | 5000
717: 776 | 33443 | 5000
718: 586 | 3366J | 5000
719: 481 | 33838 | 5000
720: 836 | 35335 | 5000
721: 358 | 37733 | 5000
722: 658 | 3TT3T | 5000
723: 2 | 3Q3QQ | 5000
724: 740 | 4J4TT | 5000
725: 592 | 43434 | 5000
726: 376 | 4433J | 5000
727: 708 | 44422 | 5000
728: 104 | 44666 | 5000
729: 716 | 44949 | 5000
730: 9 | 44T4T | 5000
731: 954 | 44Q4Q | 5000
732: 630 | 47744 | 5000
733: 328 | 4949J | 5000
734: 987 | 4AA44 | 5000
735: 124 | 5599J | 5000
736: 536 | 56565 | 5000
737: 761 | 56566 | 5000
738: 357 | 5T5T5 | 5000
739: 750 | 5TTT5 | 5000
740: 925 | 5QQ5J | 5000
741: 286 | 5QQ5Q | 5000
742: 199 | 5KK55 | 5000
743: 379 | 5KKK5 | 5000
744: 775 | 6J6QQ | 5000
745: 962 | 63633 | 5000
746: 1000 | 63663 | 5000
747: 116 | 66J44 | 5000
748: 749 | 66888 | 5000
749: 70 | 7J676 | 5000
750: 296 | 7227J | 5000
751: 226 | 73377 | 5000
752: 311 | 74477 | 5000
753: 447 | 77557 | 5000
754: 539 | 77667 | 5000
755: 236 | 77722 | 5000
756: 338 | 77878 | 5000
757: 245 | 77Q7Q | 5000
758: 602 | 7T7TT | 5000
759: 112 | 7Q7QQ | 5000
760: 264 | 7K77K | 5000
761: 976 | 7KKK7 | 5000
762: 1 | 8J8QQ | 5000
763: 923 | 82822 | 5000
764: 74 | 83J38 | 5000
765: 742 | 84488 | 5000
766: 869 | 86668 | 5000
767: 729 | 88778 | 5000
768: 469 | 88A8A | 5000
769: 22 | 8K8K8 | 5000
770: 102 | 8AAA8 | 5000
771: 491 | 95599 | 5000
772: 939 | 96966 | 5000
773: 137 | 97J97 | 5000
774: 710 | 97779 | 5000
775: 795 | 99222 | 5000
776: 942 | 99339 | 5000
777: 748 | 9966J | 5000
778: 211 | 99797 | 5000
779: 205 | 99898 | 5000
780: 659 | 99944 | 5000
781: 125 | 9K9K9 | 5000
782: 545 | T3T33 | 5000
783: 482 | T66T6 | 5000
784: 965 | T6T6J | 5000
785: 870 | T8TT8 | 5000
786: 143 | T9TT9 | 5000
787: 985 | TT777 | 5000
788: 880 | TT888 | 5000
789: 298 | TATTA | 5000
790: 145 | TAAJT | 5000
791: 715 | QJ44Q | 5000
792: 288 | Q4QQ4 | 5000
793: 269 | Q555Q | 5000
794: 671 | Q66Q6 | 5000
795: 448 | Q88Q8 | 5000
796: 176 | Q9J9Q | 5000
797: 96 | QTTQQ | 5000
798: 320 | QKQKQ | 5000
799: 901 | QAQQA | 5000
800: 703 | QAAQJ | 5000
801: 565 | KJ55K | 5000
802: 806 | KJ66K | 5000
803: 682 | K2K22 | 5000
804: 947 | K2K2K | 5000
805: 958 | K3J3K | 5000
806: 567 | K4K4K | 5000
807: 890 | K66K6 | 5000
808: 87 | KKK33 | 5000
809: 61 | KKKTT | 5000
810: 863 | A2A22 | 5000
811: 416 | A2AA2 | 5000
812: 928 | A33JA | 5000
813: 831 | A33AA | 5000
814: 614 | A44JA | 5000
815: 441 | A666A | 5000
816: 78 | A77A7 | 5000
817: 113 | A9A99 | 5000
818: 744 | ATAAT | 5000
819: 90 | AQAAQ | 5000
820: 459 | AA2J2 | 5000
821: 549 | AA4A4 | 5000
822: 772 | AA77A | 5000
823: 494 | JJ464 | 6000
824: 89 | JJ56J | 6000
825: 853 | JJTT9 | 6000
826: 541 | J2555 | 6000
827: 299 | J3J99 | 6000
828: 595 | J3373 | 6000
829: 210 | J3393 | 6000
830: 555 | J3AAA | 6000
831: 56 | J43JJ | 6000
832: 337 | J6646 | 6000
833: 300 | J8488 | 6000
834: 983 | JT222 | 6000
835: 422 | JTAJA | 6000
836: 988 | JQ333 | 6000
837: 546 | JQQ6Q | 6000
838: 636 | JK6JK | 6000
839: 952 | JA4J4 | 6000
840: 468 | JAQQQ | 6000
841: 802 | JAAJ8 | 6000
842: 577 | 22J26 | 6000
843: 329 | 222J9 | 6000
844: 805 | 22242 | 6000
845: 421 | 23333 | 6000
846: 938 | 24444 | 6000
847: 684 | 2522J | 6000
848: 240 | 26222 | 6000
849: 887 | 26666 | 6000
850: 784 | 27222 | 6000
851: 660 | 2822J | 6000
852: 392 | 29999 | 6000
853: 877 | 2K222 | 6000
854: 121 | 3J3T3 | 6000
855: 835 | 3JTTT | 6000
856: 876 | 33343 | 6000
857: 241 | 333Q3 | 6000
858: 235 | 35333 | 6000
859: 769 | 38333 | 6000
860: 251 | 399J9 | 6000
861: 477 | 39999 | 6000
862: 267 | 3QJJ3 | 6000
863: 949 | 4JJJT | 6000
864: 57 | 4J4JT | 6000
865: 464 | 4JA44 | 6000
866: 653 | 44443 | 6000
867: 159 | 44449 | 6000
868: 561 | 4445J | 6000
869: 903 | 444T4 | 6000
870: 845 | 444Q4 | 6000
871: 399 | 444K4 | 6000
872: 427 | 4KKJK | 6000
873: 484 | 5JTTJ | 6000
874: 849 | 5JKKJ | 6000
875: 937 | 52222 | 6000
876: 287 | 52555 | 6000
877: 508 | 545J5 | 6000
878: 167 | 55545 | 6000
879: 557 | 55575 | 6000
880: 736 | 56555 | 6000
881: 959 | 5666J | 6000
882: 189 | 57J55 | 6000
883: 402 | 58555 | 6000
884: 75 | 59555 | 6000
885: 373 | 5T555 | 6000
886: 843 | 5KJ55 | 6000
887: 513 | 63333 | 6000
888: 679 | 64J44 | 6000
889: 220 | 66J26 | 6000
890: 756 | 66J3J | 6000
891: 127 | 663J6 | 6000
892: 669 | 66686 | 6000
893: 968 | 67777 | 6000
894: 172 | 68888 | 6000
895: 361 | 6T666 | 6000
896: 697 | 7J797 | 6000
897: 612 | 74444 | 6000
898: 899 | 757J7 | 6000
899: 914 | 77JQJ | 6000
900: 553 | 77773 | 6000
901: 972 | 77774 | 6000
902: 467 | 777A7 | 6000
903: 407 | 7KKKK | 6000
904: 294 | 8JJTJ | 6000
905: 196 | 84444 | 6000
906: 993 | 8868J | 6000
907: 200 | 88884 | 6000
908: 234 | 8898J | 6000
909: 788 | 88T88 | 6000
910: 158 | 88A88 | 6000
911: 187 | 8TJ88 | 6000
912: 188 | 8KJ8J | 6000
913: 737 | 9J555 | 6000
914: 588 | 9J997 | 6000
915: 475 | 9JKKK | 6000
916: 817 | 9JAAA | 6000
917: 27 | 94999 | 6000
918: 617 | 99J89 | 6000
919: 779 | 99599 | 6000
920: 100 | 99799 | 6000
921: 652 | 99989 | 6000
922: 681 | 999T9 | 6000
923: 130 | 999Q9 | 6000
924: 347 | 999AJ | 6000
925: 470 | 99A99 | 6000
926: 601 | 9KKKK | 6000
927: 24 | T2222 | 6000
928: 797 | T2TJT | 6000
929: 393 | T99J9 | 6000
930: 538 | TTJT7 | 6000
931: 466 | TT4TT | 6000
932: 332 | TT9TT | 6000
933: 589 | TTT2T | 6000
934: 144 | TTTT8 | 6000
935: 186 | TTKTT | 6000
936: 898 | TQTJT | 6000
937: 822 | TATTT | 6000
938: 304 | QJ9QQ | 6000
939: 544 | QJQQT | 6000
940: 178 | Q4QQJ | 6000
941: 295 | Q6666 | 6000
942: 462 | Q8888 | 6000
943: 872 | Q8QQJ | 6000
944: 649 | Q99J9 | 6000
945: 891 | Q9QQQ | 6000
946: 404 | QQJQ7 | 6000
947: 734 | QQ3QJ | 6000
948: 743 | QQ5QQ | 6000
949: 333 | QQ8QQ | 6000
950: 497 | QQQ2Q | 6000
951: 76 | QQQ4Q | 6000
952: 46 | QQQKQ | 6000
953: 16 | QAAAA | 6000
954: 174 | KJKK5 | 6000
955: 762 | K22J2 | 6000
956: 855 | K3JKK | 6000
957: 419 | K3KJJ | 6000
958: 957 | K3KKK | 6000
959: 725 | K4KKK | 6000
960: 281 | K5555 | 6000
961: 271 | KAJKK | 6000
962: 730 | AJQAA | 6000
963: 771 | A5555 | 6000
964: 581 | A5AAA | 6000
965: 977 | A6666 | 6000
966: 579 | A7JJJ | 6000
967: 279 | AAJA5 | 6000
968: 978 | AA2AA | 6000
969: 254 | AA8AJ | 6000
970: 707 | AA8AA | 6000
971: 940 | AAKAA | 6000
972: 252 | AAAJ2 | 6000
973: 613 | JJJJJ | 7000
974: 593 | JJ222 | 7000
975: 314 | JJ444 | 7000
976: 36 | JJ8JJ | 7000
977: 360 | JJ99J | 7000
978: 403 | JJKKK | 7000
979: 578 | J33J3 | 7000
980: 691 | J6666 | 7000
981: 507 | JTTJT | 7000
982: 871 | JQQQJ | 7000
983: 933 | JQQQQ | 7000
984: 7 | 2J222 | 7000
985: 935 | 333J3 | 7000
986: 412 | 4444J | 7000
987: 173 | 55JJ5 | 7000
988: 191 | 5555J | 7000
989: 573 | 6J6J6 | 7000
990: 6 | 7J77J | 7000
991: 394 | 7777J | 7000
992: 411 | 8JJ88 | 7000
993: 155 | 88J88 | 7000
994: 82 | 99JJ9 | 7000
995: 616 | 9999J | 7000
996: 342 | TTJTT | 7000
997: 260 | QQJJJ | 7000
998: 305 | KKKJK | 7000
999: 426 | AJAJA | 7000
1000: 782 | AAJAA | 7000
Part 2: 248750248
